This is pdfTeX, Version 3.14159265-2.6-1.40.16 (TeX Live 2015/Debian) (preloaded format=pdflatex 2017.2.12)  13 JUL 2017 23:17
entering extended mode
 restricted \write18 enabled.
 %&-line parsing enabled.
**main.tex
(./main.tex
LaTeX2e <2016/02/01>
Babel <3.9q> and hyphenation patterns for 3 language(s) loaded.
(./IEEEtran.cls
Document Class: IEEEtran 2007/03/05 V1.7a by Michael Shell
-- See the "IEEEtran_HOWTO" manual for usage information.
-- http://www.michaelshell.org/tex/ieeetran/
\@IEEEtrantmpdimenA=\dimen102
\@IEEEtrantmpdimenB=\dimen103
\@IEEEtrantmpcountA=\count79
\@IEEEtrantmpcountB=\count80
\@IEEEtrantmptoksA=\toks14
LaTeX Font Info:    Try loading font information for OT1+ptm on input line 366.

(/usr/share/texlive/texmf-dist/tex/latex/psnfss/ot1ptm.fd
File: ot1ptm.fd 2001/06/04 font definitions for OT1/ptm.
)
-- Using 8.5in x 11in (letter) paper.
-- Using PDF output.
\@IEEEnormalsizeunitybaselineskip=\dimen104
-- This is a 10 point document.
\CLASSINFOnormalsizebaselineskip=\dimen105
\CLASSINFOnormalsizeunitybaselineskip=\dimen106
\IEEEnormaljot=\dimen107
LaTeX Font Info:    Font shape `OT1/ptm/bx/n' in size <5> not available
(Font)              Font shape `OT1/ptm/b/n' tried instead on input line 724.
LaTeX Font Info:    Font shape `OT1/ptm/bx/it' in size <5> not available
(Font)              Font shape `OT1/ptm/b/it' tried instead on input line 724.
LaTeX Font Info:    Font shape `OT1/ptm/bx/n' in size <7> not available
(Font)              Font shape `OT1/ptm/b/n' tried instead on input line 724.
LaTeX Font Info:    Font shape `OT1/ptm/bx/it' in size <7> not available
(Font)              Font shape `OT1/ptm/b/it' tried instead on input line 724.
LaTeX Font Info:    Font shape `OT1/ptm/bx/n' in size <8> not available
(Font)              Font shape `OT1/ptm/b/n' tried instead on input line 724.
LaTeX Font Info:    Font shape `OT1/ptm/bx/it' in size <8> not available
(Font)              Font shape `OT1/ptm/b/it' tried instead on input line 724.
LaTeX Font Info:    Font shape `OT1/ptm/bx/n' in size <9> not available
(Font)              Font shape `OT1/ptm/b/n' tried instead on input line 724.
LaTeX Font Info:    Font shape `OT1/ptm/bx/it' in size <9> not available
(Font)              Font shape `OT1/ptm/b/it' tried instead on input line 724.
LaTeX Font Info:    Font shape `OT1/ptm/bx/n' in size <10> not available
(Font)              Font shape `OT1/ptm/b/n' tried instead on input line 724.
LaTeX Font Info:    Font shape `OT1/ptm/bx/it' in size <10> not available
(Font)              Font shape `OT1/ptm/b/it' tried instead on input line 724.
LaTeX Font Info:    Font shape `OT1/ptm/bx/n' in size <11> not available
(Font)              Font shape `OT1/ptm/b/n' tried instead on input line 724.
LaTeX Font Info:    Font shape `OT1/ptm/bx/it' in size <11> not available
(Font)              Font shape `OT1/ptm/b/it' tried instead on input line 724.
LaTeX Font Info:    Font shape `OT1/ptm/bx/n' in size <12> not available
(Font)              Font shape `OT1/ptm/b/n' tried instead on input line 724.
LaTeX Font Info:    Font shape `OT1/ptm/bx/it' in size <12> not available
(Font)              Font shape `OT1/ptm/b/it' tried instead on input line 724.
LaTeX Font Info:    Font shape `OT1/ptm/bx/n' in size <17> not available
(Font)              Font shape `OT1/ptm/b/n' tried instead on input line 724.
LaTeX Font Info:    Font shape `OT1/ptm/bx/it' in size <17> not available
(Font)              Font shape `OT1/ptm/b/it' tried instead on input line 724.
LaTeX Font Info:    Font shape `OT1/ptm/bx/n' in size <20> not available
(Font)              Font shape `OT1/ptm/b/n' tried instead on input line 724.
LaTeX Font Info:    Font shape `OT1/ptm/bx/it' in size <20> not available
(Font)              Font shape `OT1/ptm/b/it' tried instead on input line 724.
LaTeX Font Info:    Font shape `OT1/ptm/bx/n' in size <24> not available
(Font)              Font shape `OT1/ptm/b/n' tried instead on input line 724.
LaTeX Font Info:    Font shape `OT1/ptm/bx/it' in size <24> not available
(Font)              Font shape `OT1/ptm/b/it' tried instead on input line 724.
\IEEEilabelindentA=\dimen108
\IEEEilabelindentB=\dimen109
\IEEEilabelindent=\dimen110
\IEEEelabelindent=\dimen111
\IEEEdlabelindent=\dimen112
\IEEElabelindent=\dimen113
\IEEEiednormlabelsep=\dimen114
\IEEEiedmathlabelsep=\dimen115
\IEEEiedtopsep=\skip41
\c@section=\count81
\c@subsection=\count82
\c@subsubsection=\count83
\c@paragraph=\count84
\c@IEEEsubequation=\count85
\abovecaptionskip=\skip42
\belowcaptionskip=\skip43
\c@figure=\count86
\c@table=\count87
\@IEEEeqnnumcols=\count88
\@IEEEeqncolcnt=\count89
\@IEEEtmpitemindent=\dimen116
\c@IEEEbiography=\count90
\@IEEEtranrubishbin=\box26
) (/usr/share/texlive/texmf-dist/tex/latex/algorithms/algorithm.sty
Package: algorithm 2009/08/24 v0.1 Document Style `algorithm' - floating enviro
nment

(/usr/share/texlive/texmf-dist/tex/latex/float/float.sty
Package: float 2001/11/08 v1.3d Float enhancements (AL)
\c@float@type=\count91
\float@exts=\toks15
\float@box=\box27
\@float@everytoks=\toks16
\@floatcapt=\box28
)
(/usr/share/texlive/texmf-dist/tex/latex/base/ifthen.sty
Package: ifthen 2014/09/29 v1.1c Standard LaTeX ifthen package (DPC)
)
\@float@every@algorithm=\toks17
\c@algorithm=\count92
)
(/usr/share/texlive/texmf-dist/tex/latex/multirow/multirow.sty
\bigstrutjot=\dimen117
)
(/usr/share/texlive/texmf-dist/tex/latex/algorithms/algorithmic.sty
Package: algorithmic 2009/08/24 v0.1 Document Style `algorithmic'

(/usr/share/texlive/texmf-dist/tex/latex/graphics/keyval.sty
Package: keyval 2014/10/28 v1.15 key=value parser (DPC)
\KV@toks@=\toks18
)
\c@ALC@unique=\count93
\c@ALC@line=\count94
\c@ALC@rem=\count95
\c@ALC@depth=\count96
\ALC@tlm=\skip44
\algorithmicindent=\skip45
)
(/usr/share/texlive/texmf-dist/tex/latex/graphics/graphicx.sty
Package: graphicx 2014/10/28 v1.0g Enhanced LaTeX Graphics (DPC,SPQR)

(/usr/share/texlive/texmf-dist/tex/latex/graphics/graphics.sty
Package: graphics 2016/01/03 v1.0q Standard LaTeX Graphics (DPC,SPQR)

(/usr/share/texlive/texmf-dist/tex/latex/graphics/trig.sty
Package: trig 2016/01/03 v1.10 sin cos tan (DPC)
)
(/usr/share/texlive/texmf-dist/tex/latex/latexconfig/graphics.cfg
File: graphics.cfg 2010/04/23 v1.9 graphics configuration of TeX Live
)
Package graphics Info: Driver file: pdftex.def on input line 95.

(/usr/share/texlive/texmf-dist/tex/latex/pdftex-def/pdftex.def
File: pdftex.def 2011/05/27 v0.06d Graphics/color for pdfTeX

(/usr/share/texlive/texmf-dist/tex/generic/oberdiek/infwarerr.sty
Package: infwarerr 2010/04/08 v1.3 Providing info/warning/error messages (HO)
)
(/usr/share/texlive/texmf-dist/tex/generic/oberdiek/ltxcmds.sty
Package: ltxcmds 2011/11/09 v1.22 LaTeX kernel commands for general use (HO)
)
\Gread@gobject=\count97
))
\Gin@req@height=\dimen118
\Gin@req@width=\dimen119
)
(/usr/share/texlive/texmf-dist/tex/latex/comment/comment.sty
\CommentStream=\write3

Excluding comment 'comment')
(/usr/share/texlive/texmf-dist/tex/latex/cite/cite.sty
LaTeX Info: Redefining \cite on input line 302.
LaTeX Info: Redefining \nocite on input line 332.
Package: cite 2015/02/27  v 5.5
)
(/usr/share/texlive/texmf-dist/tex/latex/amsfonts/amssymb.sty
Package: amssymb 2013/01/14 v3.01 AMS font symbols

(/usr/share/texlive/texmf-dist/tex/latex/amsfonts/amsfonts.sty
Package: amsfonts 2013/01/14 v3.01 Basic AMSFonts support
\@emptytoks=\toks19
\symAMSa=\mathgroup4
\symAMSb=\mathgroup5
LaTeX Font Info:    Overwriting math alphabet `\mathfrak' in version `bold'
(Font)                  U/euf/m/n --> U/euf/b/n on input line 106.
))
(/usr/share/texlive/texmf-dist/tex/latex/amscls/amsthm.sty
Package: amsthm 2015/03/04 v2.20.2
\thm@style=\toks20
\thm@bodyfont=\toks21
\thm@headfont=\toks22
\thm@notefont=\toks23
\thm@headpunct=\toks24
\thm@preskip=\skip46
\thm@postskip=\skip47
\thm@headsep=\skip48
\dth@everypar=\toks25
)
(/usr/share/texlive/texmf-dist/tex/latex/jknapltx/mathrsfs.sty
Package: mathrsfs 1996/01/01 Math RSFS package v1.0 (jk)
\symrsfs=\mathgroup6
)
(/usr/share/texlive/texmf-dist/tex/generic/epsf/epsf.sty
This is `epsf.tex' v2.7.4 <14 February 2011>
\epsffilein=\read1
\epsfframemargin=\dimen120
\epsfframethickness=\dimen121
\epsfrsize=\dimen122
\epsftmp=\dimen123
\epsftsize=\dimen124
\epsfxsize=\dimen125
\epsfysize=\dimen126
\pspoints=\dimen127
) (/usr/share/texlive/texmf-dist/tex/latex/psnfss/times.sty
Package: times 2005/04/12 PSNFSS-v9.2a (SPQR) 
)
(/usr/share/texlive/texmf-dist/tex/latex/amsmath/amsmath.sty
Package: amsmath 2016/03/03 v2.15a AMS math features
\@mathmargin=\skip49

For additional information on amsmath, use the `?' option.
(/usr/share/texlive/texmf-dist/tex/latex/amsmath/amstext.sty
Package: amstext 2000/06/29 v2.01 AMS text

(/usr/share/texlive/texmf-dist/tex/latex/amsmath/amsgen.sty
File: amsgen.sty 1999/11/30 v2.0 generic functions
\@emptytoks=\toks26
\ex@=\dimen128
))
(/usr/share/texlive/texmf-dist/tex/latex/amsmath/amsbsy.sty
Package: amsbsy 1999/11/29 v1.2d Bold Symbols
\pmbraise@=\dimen129
)
(/usr/share/texlive/texmf-dist/tex/latex/amsmath/amsopn.sty
Package: amsopn 1999/12/14 v2.01 operator names
)
\inf@bad=\count98
LaTeX Info: Redefining \frac on input line 199.
\uproot@=\count99
\leftroot@=\count100
LaTeX Info: Redefining \overline on input line 297.
\classnum@=\count101
\DOTSCASE@=\count102
LaTeX Info: Redefining \ldots on input line 394.
LaTeX Info: Redefining \dots on input line 397.
LaTeX Info: Redefining \cdots on input line 518.
\Mathstrutbox@=\box29
\strutbox@=\box30
\big@size=\dimen130
LaTeX Font Info:    Redeclaring font encoding OML on input line 630.
LaTeX Font Info:    Redeclaring font encoding OMS on input line 631.
\macc@depth=\count103
\c@MaxMatrixCols=\count104
\dotsspace@=\muskip10
\c@parentequation=\count105
\dspbrk@lvl=\count106
\tag@help=\toks27
\row@=\count107
\column@=\count108
\maxfields@=\count109
\andhelp@=\toks28
\eqnshift@=\dimen131
\alignsep@=\dimen132
\tagshift@=\dimen133
\tagwidth@=\dimen134
\totwidth@=\dimen135
\lineht@=\dimen136
\@envbody=\toks29
\multlinegap=\skip50
\multlinetaggap=\skip51
\mathdisplay@stack=\toks30
LaTeX Info: Redefining \[ on input line 2735.
LaTeX Info: Redefining \] on input line 2736.
)
(/usr/share/texlive/texmf-dist/tex/latex/url/url.sty
\Urlmuskip=\muskip11
Package: url 2013/09/16  ver 3.4  Verb mode for urls, etc.
)
(/usr/share/texlive/texmf-dist/tex/latex/breqn/flexisym.sty
(/usr/share/texlive/texmf-dist/tex/latex/l3kernel/expl3.sty
Package: expl3 2016/01/19 v6377 L3 programming layer (loader) 

(/usr/share/texlive/texmf-dist/tex/latex/l3kernel/expl3-code.tex
Package: expl3 2016/01/19 v6377 L3 programming layer (code)
L3 Module: l3bootstrap 2016/01/01 v6339 L3 Bootstrap code
L3 Module: l3names 2015/12/21 v6328 L3 Namespace for primitives
L3 Module: l3basics 2015/11/22 v6315 L3 Basic definitions
L3 Module: l3expan 2015/09/10 v5983 L3 Argument expansion
L3 Module: l3tl 2015/09/29 v6121 L3 Token lists
L3 Module: l3str 2016/01/03 v6357 L3 Strings
L3 Module: l3seq 2015/08/05 v5777 L3 Sequences and stacks
L3 Module: l3int 2016/01/05 v6366 L3 Integers
\c_max_int=\count110
\l_tmpa_int=\count111
\l_tmpb_int=\count112
\g_tmpa_int=\count113
\g_tmpb_int=\count114
L3 Module: l3quark 2015/08/17 v5855 L3 Quarks
L3 Module: l3prg 2015/11/01 v6216 L3 Control structures
\g__prg_map_int=\count115
L3 Module: l3clist 2015/09/02 v5901 L3 Comma separated lists
L3 Module: l3token 2015/11/11 v6249 L3 Experimental token manipulation
L3 Module: l3prop 2016/01/05 v6366 L3 Property lists
L3 Module: l3msg 2015/09/28 v6113 L3 Messages
L3 Module: l3file 2015/12/03 v6317 L3 File and I/O operations
\l_iow_line_count_int=\count116
\l__iow_target_count_int=\count117
\l__iow_current_line_int=\count118
\l__iow_current_word_int=\count119
\l__iow_current_indentation_int=\count120
L3 Module: l3skip 2016/01/05 v6366 L3 Dimensions and skips
\c_zero_dim=\dimen137
\c_max_dim=\dimen138
\l_tmpa_dim=\dimen139
\l_tmpb_dim=\dimen140
\g_tmpa_dim=\dimen141
\g_tmpb_dim=\dimen142
\c_zero_skip=\skip52
\c_max_skip=\skip53
\l_tmpa_skip=\skip54
\l_tmpb_skip=\skip55
\g_tmpa_skip=\skip56
\g_tmpb_skip=\skip57
\c_zero_muskip=\muskip12
\c_max_muskip=\muskip13
\l_tmpa_muskip=\muskip14
\l_tmpb_muskip=\muskip15
\g_tmpa_muskip=\muskip16
\g_tmpb_muskip=\muskip17
L3 Module: l3keys 2015/11/17 v6284 L3 Key-value interfaces
\g__keyval_level_int=\count121
\l_keys_choice_int=\count122
L3 Module: l3fp 2015/08/25 v5890 L3 Floating points
\c__fp_leading_shift_int=\count123
\c__fp_middle_shift_int=\count124
\c__fp_trailing_shift_int=\count125
\c__fp_big_leading_shift_int=\count126
\c__fp_big_middle_shift_int=\count127
\c__fp_big_trailing_shift_int=\count128
\c__fp_Bigg_leading_shift_int=\count129
\c__fp_Bigg_middle_shift_int=\count130
\c__fp_Bigg_trailing_shift_int=\count131
L3 Module: l3box 2015/08/09 v5822 L3 Experimental boxes
\c_empty_box=\box31
\l_tmpa_box=\box32
\l_tmpb_box=\box33
\g_tmpa_box=\box34
\g_tmpb_box=\box35
L3 Module: l3coffins 2015/08/06 v5789 L3 Coffin code layer
\l__coffin_internal_box=\box36
\l__coffin_internal_dim=\dimen143
\l__coffin_offset_x_dim=\dimen144
\l__coffin_offset_y_dim=\dimen145
\l__coffin_x_dim=\dimen146
\l__coffin_y_dim=\dimen147
\l__coffin_x_prime_dim=\dimen148
\l__coffin_y_prime_dim=\dimen149
\c_empty_coffin=\box37
\l__coffin_aligned_coffin=\box38
\l__coffin_aligned_internal_coffin=\box39
\l_tmpa_coffin=\box40
\l_tmpb_coffin=\box41
\l__coffin_display_coffin=\box42
\l__coffin_display_coord_coffin=\box43
\l__coffin_display_pole_coffin=\box44
\l__coffin_display_offset_dim=\dimen150
\l__coffin_display_x_dim=\dimen151
\l__coffin_display_y_dim=\dimen152
L3 Module: l3color 2014/08/23 v5354 L3 Experimental color support
L3 Module: l3sys 2015/09/25 v6087 L3 Experimental system/runtime functions
L3 Module: l3candidates 2016/01/14 v6376 L3 Experimental additions to l3kernel
\l__box_top_dim=\dimen153
\l__box_bottom_dim=\dimen154
\l__box_left_dim=\dimen155
\l__box_right_dim=\dimen156
\l__box_top_new_dim=\dimen157
\l__box_bottom_new_dim=\dimen158
\l__box_left_new_dim=\dimen159
\l__box_right_new_dim=\dimen160
\l__box_internal_box=\box45
\l__coffin_bounding_shift_dim=\dimen161
\l__coffin_left_corner_dim=\dimen162
\l__coffin_right_corner_dim=\dimen163
\l__coffin_bottom_corner_dim=\dimen164
\l__coffin_top_corner_dim=\dimen165
\l__coffin_scaled_total_height_dim=\dimen166
\l__coffin_scaled_width_dim=\dimen167
L3 Module: l3luatex 2015/11/11 v6250 L3 Experimental LuaTeX-specific functions
)
(/usr/share/texlive/texmf-dist/tex/latex/l3kernel/l3pdfmode.def
File: l3pdfmode.def 2015/11/11 v6250 L3 Experimental driver: PDF mode
\l__driver_color_stack_int=\count132
))
Package: flexisym 2015/08/11 v0.98d Make math characters macros
LaTeX Info: Redefining \textprime on input line 299.
LaTeX Info: Redefining \not on input line 357.

(/usr/share/texlive/texmf-dist/tex/latex/breqn/cmbase.sym
File: cmbase.sym 2007/12/19 v0.92
LaTeX Info: Redefining \hbar on input line 324.
LaTeX Info: Redefining \surd on input line 326.
LaTeX Info: Redefining \angle on input line 334.
LaTeX Info: Redefining \neq on input line 335.
LaTeX Info: Redefining \mapsto on input line 336.
LaTeX Info: Redefining \cong on input line 337.
LaTeX Info: Redefining \notin on input line 340.
LaTeX Info: Redefining \rightleftharpoons on input line 341.
LaTeX Info: Redefining \doteq on input line 342.
LaTeX Info: Redefining \hookrightarrow on input line 343.
LaTeX Info: Redefining \hookleftarrow on input line 344.
LaTeX Info: Redefining \bowtie on input line 345.
LaTeX Info: Redefining \models on input line 346.
LaTeX Info: Redefining \Longrightarrow on input line 347.
LaTeX Info: Redefining \longrightarrow on input line 348.
LaTeX Info: Redefining \Longleftarrow on input line 349.
LaTeX Info: Redefining \longleftarrow on input line 350.
LaTeX Info: Redefining \longmapsto on input line 351.
LaTeX Info: Redefining \longleftrightarrow on input line 352.
LaTeX Info: Redefining \Longleftrightarrow on input line 353.
LaTeX Info: Redefining \cdots on input line 357.
LaTeX Info: Redefining \vdots on input line 360.
LaTeX Info: Redefining \ddots on input line 365.
)
(/usr/share/texlive/texmf-dist/tex/latex/breqn/mathstyle.sty
Package: mathstyle 2015/08/11 v0.98d Tracking mathstyle implicitly
LaTeX Info: Redefining \displaystyle on input line 93.
LaTeX Info: Redefining \textstyle on input line 95.
LaTeX Info: Redefining \scriptstyle on input line 97.
LaTeX Info: Redefining \scriptscriptstyle on input line 99.
LaTeX Info: Redefining \genfrac on input line 145.
))
(/usr/share/texlive/texmf-dist/tex/latex/cleveref/cleveref.sty
Package: cleveref 2013/12/28 v0.19 Intelligent cross-referencing
Package cleveref Info: `amsthm' support loaded on input line 2858.
Package cleveref Info: always capitalise cross-reference names on input line 74
65.
Package cleveref Info: always capitalise cross-reference names on input line 74
93.
)
\c@lemma=\count133

(/usr/share/texlive/texmf-dist/tex/latex/caption/subcaption.sty
Package: subcaption 2016/02/20 v1.1-142 Sub-captions (AR)

(/usr/share/texlive/texmf-dist/tex/latex/caption/caption.sty
Package: caption 2016/02/21 v3.3-144 Customizing captions (AR)

(/usr/share/texlive/texmf-dist/tex/latex/caption/caption3.sty
Package: caption3 2016/02/04 v1.7-139 caption3 kernel (AR)
Package caption3 Info: TeX engine: e-TeX on input line 67.
\captionmargin=\dimen168
\captionmargin@=\dimen169
\captionwidth=\dimen170
\caption@tempdima=\dimen171
\caption@indent=\dimen172
\caption@parindent=\dimen173
\caption@hangindent=\dimen174
Package caption Info: Unknown document class (or package),
(caption)             standard defaults will be used.
)

Package caption Warning: Unsupported document class (or package) detected,
(caption)                usage of the caption package is not recommended.
See the caption package documentation for explanation.

Package caption Info: \@makecaption = \long macro:#1#2->\ifx \@captype \@IEEEta
blestring \footnotesize \begin {center}{\normalfont \footnotesize #1}\\{\normal
font \footnotesize \scshape #2}\end {center}\@IEEEtablecaptionsepspace \else \@
IEEEfigurecaptionsepspace \setbox \@tempboxa \hbox {\normalfont \footnotesize {
#1.}~~ #2}\ifdim \wd \@tempboxa >\hsize \setbox \@tempboxa \hbox {\normalfont \
footnotesize {#1.}~~ }\parbox [t]{\hsize }{\normalfont \footnotesize \noindent 
\unhbox \@tempboxa #2}\else \ifCLASSOPTIONconference \hbox to\hsize {\normalfon
t \footnotesize \hfil \box \@tempboxa \hfil }\else \hbox to\hsize {\normalfont 
\footnotesize \box \@tempboxa \hfil }\fi \fi \fi .
\c@ContinuedFloat=\count134
Package caption Info: float package is loaded.
)
\c@subfigure=\count135
\c@subtable=\count136
) (/usr/share/texlive/texmf-dist/tex/latex/graphics/color.sty
Package: color 2016/01/03 v1.1b Standard LaTeX Color (DPC)

(/usr/share/texlive/texmf-dist/tex/latex/latexconfig/color.cfg
File: color.cfg 2007/01/18 v1.5 color configuration of teTeX/TeXLive
)
Package color Info: Driver file: pdftex.def on input line 143.
)
(/usr/share/texlive/texmf-dist/tex/latex/tools/array.sty
Package: array 2014/10/28 v2.4c Tabular extension package (FMi)
\col@sep=\dimen175
\extrarowheight=\dimen176
\NC@list=\toks31
\extratabsurround=\skip58
\backup@length=\skip59
) (./main.aux)
\openout1 = `main.aux'.

LaTeX Font Info:    Checking defaults for OML/cmm/m/it on input line 42.
LaTeX Font Info:    ... okay on input line 42.
LaTeX Font Info:    Checking defaults for T1/cmr/m/n on input line 42.
LaTeX Font Info:    ... okay on input line 42.
LaTeX Font Info:    Checking defaults for OT1/cmr/m/n on input line 42.
LaTeX Font Info:    ... okay on input line 42.
LaTeX Font Info:    Checking defaults for OMS/cmsy/m/n on input line 42.
LaTeX Font Info:    ... okay on input line 42.
LaTeX Font Info:    Checking defaults for OMX/cmex/m/n on input line 42.
LaTeX Font Info:    ... okay on input line 42.
LaTeX Font Info:    Checking defaults for U/cmr/m/n on input line 42.
LaTeX Font Info:    ... okay on input line 42.

(/usr/share/texlive/texmf-dist/tex/context/base/supp-pdf.mkii
[Loading MPS to PDF converter (version 2006.09.02).]
\scratchcounter=\count137
\scratchdimen=\dimen177
\scratchbox=\box46
\nofMPsegments=\count138
\nofMParguments=\count139
\everyMPshowfont=\toks32
\MPscratchCnt=\count140
\MPscratchDim=\dimen178
\MPnumerator=\count141
\makeMPintoPDFobject=\count142
\everyMPtoPDFconversion=\toks33
) (/usr/share/texlive/texmf-dist/tex/generic/oberdiek/pdftexcmds.sty
Package: pdftexcmds 2011/11/29 v0.20 Utility functions of pdfTeX for LuaTeX (HO
)

(/usr/share/texlive/texmf-dist/tex/generic/oberdiek/ifluatex.sty
Package: ifluatex 2010/03/01 v1.3 Provides the ifluatex switch (HO)
Package ifluatex Info: LuaTeX not detected.
)
(/usr/share/texlive/texmf-dist/tex/generic/oberdiek/ifpdf.sty
Package: ifpdf 2011/01/30 v2.3 Provides the ifpdf switch (HO)
Package ifpdf Info: pdfTeX in PDF mode is detected.
)
Package pdftexcmds Info: LuaTeX not detected.
Package pdftexcmds Info: \pdf@primitive is available.
Package pdftexcmds Info: \pdf@ifprimitive is available.
Package pdftexcmds Info: \pdfdraftmode found.
)
(/usr/share/texlive/texmf-dist/tex/latex/oberdiek/epstopdf-base.sty
Package: epstopdf-base 2010/02/09 v2.5 Base part for package epstopdf

(/usr/share/texlive/texmf-dist/tex/latex/oberdiek/grfext.sty
Package: grfext 2010/08/19 v1.1 Manage graphics extensions (HO)

(/usr/share/texlive/texmf-dist/tex/generic/oberdiek/kvdefinekeys.sty
Package: kvdefinekeys 2011/04/07 v1.3 Define keys (HO)
))
(/usr/share/texlive/texmf-dist/tex/latex/oberdiek/kvoptions.sty
Package: kvoptions 2011/06/30 v3.11 Key value format for package options (HO)

(/usr/share/texlive/texmf-dist/tex/generic/oberdiek/kvsetkeys.sty
Package: kvsetkeys 2012/04/25 v1.16 Key value parser (HO)

(/usr/share/texlive/texmf-dist/tex/generic/oberdiek/etexcmds.sty
Package: etexcmds 2011/02/16 v1.5 Avoid name clashes with e-TeX commands (HO)
Package etexcmds Info: Could not find \expanded.
(etexcmds)             That can mean that you are not using pdfTeX 1.50 or
(etexcmds)             that some package has redefined \expanded.
(etexcmds)             In the latter case, load this package earlier.
)))
Package grfext Info: Graphics extension search list:
(grfext)             [.pdf,.jpeg,.png,.eps]
(grfext)             \AppendGraphicsExtensions on input line 452.

(/usr/share/texlive/texmf-dist/tex/latex/latexconfig/epstopdf-sys.cfg
File: epstopdf-sys.cfg 2010/07/13 v1.3 Configuration of (r)epstopdf for TeX Liv
e
))
Package caption Info: Begin \AtBeginDocument code.
Package caption Info: End \AtBeginDocument code.
LaTeX Font Info:    Calculating math sizes for size <11> on input line 65.
LaTeX Font Info:    Try loading font information for U+msa on input line 65.

(/usr/share/texlive/texmf-dist/tex/latex/amsfonts/umsa.fd
File: umsa.fd 2013/01/14 v3.01 AMS symbols A
)
LaTeX Font Info:    Try loading font information for U+msb on input line 65.

(/usr/share/texlive/texmf-dist/tex/latex/amsfonts/umsb.fd
File: umsb.fd 2013/01/14 v3.01 AMS symbols B
)
LaTeX Font Info:    Try loading font information for U+rsfs on input line 65.

(/usr/share/texlive/texmf-dist/tex/latex/jknapltx/ursfs.fd
File: ursfs.fd 1998/03/24 rsfs font definition file (jk)
)
LaTeX Font Info:    Try loading font information for OMS+ptm on input line 65.

(/usr/share/texlive/texmf-dist/tex/latex/psnfss/omsptm.fd
File: omsptm.fd 
)
LaTeX Font Info:    Font shape `OMS/ptm/m/n' in size <10> not available
(Font)              Font shape `OMS/cmsy/m/n' tried instead on input line 65.
 (./intro.tex
[1{/var/lib/texmf/fonts/map/pdftex/updmap/pdftex.map}


]) (./rel.tex) (./back.tex Excluding 'comment' comment.
Package epstopdf Info: Source file: <figs/docker-standalone.eps>
(epstopdf)                    date: 2017-07-11 09:29:09
(epstopdf)                    size: 267534 bytes
(epstopdf)             Output file: <figs/docker-standalone-eps-converted-to.pd
f>
(epstopdf)                    date: 2017-07-11 09:58:02
(epstopdf)                    size: 37546 bytes
(epstopdf)             Command: <repstopdf --outfile=figs/docker-standalone-eps
-converted-to.pdf figs/docker-standalone.eps>
(epstopdf)             \includegraphics on input line 41.
Package epstopdf Info: Output file is already uptodate.

<figs/docker-standalone-eps-converted-to.pdf, id=11, 352.31625pt x 180.675pt>
File: figs/docker-standalone-eps-converted-to.pdf Graphic file (type pdf)

<use figs/docker-standalone-eps-converted-to.pdf>
Package pdftex.def Info: figs/docker-standalone-eps-converted-to.pdf used on in
put line 41.
(pdftex.def)             Requested size: 120.95892pt x 62.02968pt.
Package epstopdf Info: Source file: <figs/swarmkit.eps>
(epstopdf)                    date: 2017-07-11 09:28:50
(epstopdf)                    size: 75659 bytes
(epstopdf)             Output file: <figs/swarmkit-eps-converted-to.pdf>
(epstopdf)                    date: 2017-07-11 09:58:04
(epstopdf)                    size: 17907 bytes
(epstopdf)             Command: <repstopdf --outfile=figs/swarmkit-eps-converte
d-to.pdf figs/swarmkit.eps>
(epstopdf)             \includegraphics on input line 48.
Package epstopdf Info: Output file is already uptodate.

<figs/swarmkit-eps-converted-to.pdf, id=12, 343.2825pt x 180.675pt>
File: figs/swarmkit-eps-converted-to.pdf Graphic file (type pdf)

<use figs/swarmkit-eps-converted-to.pdf>
Package pdftex.def Info: figs/swarmkit-eps-converted-to.pdf used on input line 
48.
(pdftex.def)             Requested size: 120.95892pt x 63.66174pt.
 [2 <./figs/docker-standalone-eps-converted-to.pdf> <./figs/swarmkit-eps-conver
ted-to.pdf>]
Excluding 'comment' comment.
Package epstopdf Info: Source file: <figs/start-single.eps>
(epstopdf)                    date: 2017-06-06 09:04:28
(epstopdf)                    size: 25588 bytes
(epstopdf)             Output file: <figs/start-single-eps-converted-to.pdf>
(epstopdf)                    date: 2017-06-06 10:51:04
(epstopdf)                    size: 8856 bytes
(epstopdf)             Command: <repstopdf --outfile=figs/start-single-eps-conv
erted-to.pdf figs/start-single.eps>
(epstopdf)             \includegraphics on input line 99.
Package epstopdf Info: Output file is already uptodate.

<figs/start-single-eps-converted-to.pdf, id=45, 578.16pt x 289.08pt>
File: figs/start-single-eps-converted-to.pdf Graphic file (type pdf)

<use figs/start-single-eps-converted-to.pdf>
Package pdftex.def Info: figs/start-single-eps-converted-to.pdf used on input l
ine 99.
(pdftex.def)             Requested size: 249.48138pt x 124.73866pt.
) (./system.tex
Package epstopdf Info: Source file: <figs/drap.eps>
(epstopdf)                    date: 2017-06-20 21:18:22
(epstopdf)                    size: 302292 bytes
(epstopdf)             Output file: <figs/drap-eps-converted-to.pdf>
(epstopdf)                    date: 2017-06-20 21:18:26
(epstopdf)                    size: 38634 bytes
(epstopdf)             Command: <repstopdf --outfile=figs/drap-eps-converted-to
.pdf figs/drap.eps>
(epstopdf)             \includegraphics on input line 42.
Package epstopdf Info: Output file is already uptodate.

<figs/drap-eps-converted-to.pdf, id=46, 487.8225pt x 225.84375pt>
File: figs/drap-eps-converted-to.pdf Graphic file (type pdf)

<use figs/drap-eps-converted-to.pdf>
Package pdftex.def Info: figs/drap-eps-converted-to.pdf used on input line 42.
(pdftex.def)             Requested size: 249.48138pt x 115.50272pt.
) (./problem.tex [3 <./figs/start-single-eps-converted-to.pdf>]
** ATTENTION: \proof is deprecated (line 30). Use \IEEEproof instead.
Excluding 'comment' comment.) (./solution.tex
Package epstopdf Info: Source file: <figs/cpu.eps>
(epstopdf)                    date: 2017-06-26 20:49:16
(epstopdf)                    size: 26141 bytes
(epstopdf)             Output file: <figs/cpu-eps-converted-to.pdf>
(epstopdf)                    date: 2017-06-26 21:45:01
(epstopdf)                    size: 8923 bytes
(epstopdf)             Command: <repstopdf --outfile=figs/cpu-eps-converted-to.
pdf figs/cpu.eps>
(epstopdf)             \includegraphics on input line 19.
Package epstopdf Info: Output file is already uptodate.

<figs/cpu-eps-converted-to.pdf, id=55, 578.16pt x 289.08pt>
File: figs/cpu-eps-converted-to.pdf Graphic file (type pdf)

<use figs/cpu-eps-converted-to.pdf>
Package pdftex.def Info: figs/cpu-eps-converted-to.pdf used on input line 19.
(pdftex.def)             Requested size: 123.84283pt x 61.9216pt.
Package epstopdf Info: Source file: <figs/mem.eps>
(epstopdf)                    date: 2017-06-26 20:53:01
(epstopdf)                    size: 25391 bytes
(epstopdf)             Output file: <figs/mem-eps-converted-to.pdf>
(epstopdf)                    date: 2017-06-26 21:45:02
(epstopdf)                    size: 8866 bytes
(epstopdf)             Command: <repstopdf --outfile=figs/mem-eps-converted-to.
pdf figs/mem.eps>
(epstopdf)             \includegraphics on input line 27.
Package epstopdf Info: Output file is already uptodate.

<figs/mem-eps-converted-to.pdf, id=56, 578.16pt x 289.08pt>
File: figs/mem-eps-converted-to.pdf Graphic file (type pdf)

<use figs/mem-eps-converted-to.pdf>
Package pdftex.def Info: figs/mem-eps-converted-to.pdf used on input line 27.
(pdftex.def)             Requested size: 123.84283pt x 61.9216pt.
Package epstopdf Info: Source file: <figs/netio.eps>
(epstopdf)                    date: 2017-06-26 21:20:57
(epstopdf)                    size: 25698 bytes
(epstopdf)             Output file: <figs/netio-eps-converted-to.pdf>
(epstopdf)                    date: 2017-06-26 21:51:00
(epstopdf)                    size: 8939 bytes
(epstopdf)             Command: <repstopdf --outfile=figs/netio-eps-converted-t
o.pdf figs/netio.eps>
(epstopdf)             \includegraphics on input line 35.
Package epstopdf Info: Output file is already uptodate.

<figs/netio-eps-converted-to.pdf, id=57, 578.16pt x 289.08pt>
File: figs/netio-eps-converted-to.pdf Graphic file (type pdf)

<use figs/netio-eps-converted-to.pdf>
Package pdftex.def Info: figs/netio-eps-converted-to.pdf used on input line 35.

(pdftex.def)             Requested size: 123.84283pt x 61.9216pt.
Package epstopdf Info: Source file: <figs/blockio.eps>
(epstopdf)                    date: 2017-06-26 21:41:30
(epstopdf)                    size: 24211 bytes
(epstopdf)             Output file: <figs/blockio-eps-converted-to.pdf>
(epstopdf)                    date: 2017-06-26 21:51:01
(epstopdf)                    size: 8520 bytes
(epstopdf)             Command: <repstopdf --outfile=figs/blockio-eps-converted
-to.pdf figs/blockio.eps>
(epstopdf)             \includegraphics on input line 43.
Package epstopdf Info: Output file is already uptodate.

<figs/blockio-eps-converted-to.pdf, id=58, 578.16pt x 289.08pt>
File: figs/blockio-eps-converted-to.pdf Graphic file (type pdf)

<use figs/blockio-eps-converted-to.pdf>
Package pdftex.def Info: figs/blockio-eps-converted-to.pdf used on input line 4
3.
(pdftex.def)             Requested size: 123.84283pt x 61.9216pt.
 [4 <./figs/drap-eps-converted-to.pdf>]
LaTeX Font Info:    Try loading font information for OT1+pcr on input line 124.


(/usr/share/texlive/texmf-dist/tex/latex/psnfss/ot1pcr.fd
File: ot1pcr.fd 2001/06/04 font definitions for OT1/pcr.
)
Excluding 'comment' comment. [5 <./figs/cpu-eps-converted-to.pdf> <./figs/mem-e
ps-converted-to.pdf> <./figs/netio-eps-converted-to.pdf> <./figs/blockio-eps-co
nverted-to.pdf>]) (./eval.tex
Package epstopdf Info: Source file: <figs/25memcpu1.eps>
(epstopdf)                    date: 2017-07-09 01:00:43
(epstopdf)                    size: 26173 bytes
(epstopdf)             Output file: <figs/25memcpu1-eps-converted-to.pdf>
(epstopdf)                    date: 2017-07-09 01:04:29
(epstopdf)                    size: 8678 bytes
(epstopdf)             Command: <repstopdf --outfile=figs/25memcpu1-eps-convert
ed-to.pdf figs/25memcpu1.eps>
(epstopdf)             \includegraphics on input line 11.
Package epstopdf Info: Output file is already uptodate.

<figs/25memcpu1-eps-converted-to.pdf, id=109, 433.62pt x 216.81pt>
File: figs/25memcpu1-eps-converted-to.pdf Graphic file (type pdf)

<use figs/25memcpu1-eps-converted-to.pdf>
Package pdftex.def Info: figs/25memcpu1-eps-converted-to.pdf used on input line
 11.
(pdftex.def)             Requested size: 165.12378pt x 82.56067pt.
Package epstopdf Info: Source file: <figs/25memcpu2.eps>
(epstopdf)                    date: 2017-07-09 01:01:15
(epstopdf)                    size: 26137 bytes
(epstopdf)             Output file: <figs/25memcpu2-eps-converted-to.pdf>
(epstopdf)                    date: 2017-07-09 01:04:29
(epstopdf)                    size: 8708 bytes
(epstopdf)             Command: <repstopdf --outfile=figs/25memcpu2-eps-convert
ed-to.pdf figs/25memcpu2.eps>
(epstopdf)             \includegraphics on input line 19.
Package epstopdf Info: Output file is already uptodate.

<figs/25memcpu2-eps-converted-to.pdf, id=110, 433.62pt x 216.81pt>
File: figs/25memcpu2-eps-converted-to.pdf Graphic file (type pdf)

<use figs/25memcpu2-eps-converted-to.pdf>
Package pdftex.def Info: figs/25memcpu2-eps-converted-to.pdf used on input line
 19.
(pdftex.def)             Requested size: 165.12378pt x 82.56067pt.
Package epstopdf Info: Source file: <figs/25memcpu3.eps>
(epstopdf)                    date: 2017-07-09 01:01:33
(epstopdf)                    size: 26063 bytes
(epstopdf)             Output file: <figs/25memcpu3-eps-converted-to.pdf>
(epstopdf)                    date: 2017-07-09 01:04:29
(epstopdf)                    size: 8682 bytes
(epstopdf)             Command: <repstopdf --outfile=figs/25memcpu3-eps-convert
ed-to.pdf figs/25memcpu3.eps>
(epstopdf)             \includegraphics on input line 27.
Package epstopdf Info: Output file is already uptodate.

<figs/25memcpu3-eps-converted-to.pdf, id=111, 433.62pt x 216.81pt>
File: figs/25memcpu3-eps-converted-to.pdf Graphic file (type pdf)

<use figs/25memcpu3-eps-converted-to.pdf>
Package pdftex.def Info: figs/25memcpu3-eps-converted-to.pdf used on input line
 27.
(pdftex.def)             Requested size: 165.12378pt x 82.56067pt.
Package epstopdf Info: Source file: <figs/25memcpu1g.eps>
(epstopdf)                    date: 2017-07-09 01:02:00
(epstopdf)                    size: 25820 bytes
(epstopdf)             Output file: <figs/25memcpu1g-eps-converted-to.pdf>
(epstopdf)                    date: 2017-07-09 01:04:30
(epstopdf)                    size: 8712 bytes
(epstopdf)             Command: <repstopdf --outfile=figs/25memcpu1g-eps-conver
ted-to.pdf figs/25memcpu1g.eps>
(epstopdf)             \includegraphics on input line 37.
Package epstopdf Info: Output file is already uptodate.

<figs/25memcpu1g-eps-converted-to.pdf, id=112, 433.62pt x 216.81pt>
File: figs/25memcpu1g-eps-converted-to.pdf Graphic file (type pdf)

<use figs/25memcpu1g-eps-converted-to.pdf>
Package pdftex.def Info: figs/25memcpu1g-eps-converted-to.pdf used on input lin
e 37.
(pdftex.def)             Requested size: 165.12378pt x 82.56067pt.
Package epstopdf Info: Source file: <figs/25memcpu2g.eps>
(epstopdf)                    date: 2017-07-09 01:01:50
(epstopdf)                    size: 25822 bytes
(epstopdf)             Output file: <figs/25memcpu2g-eps-converted-to.pdf>
(epstopdf)                    date: 2017-07-09 01:04:30
(epstopdf)                    size: 8737 bytes
(epstopdf)             Command: <repstopdf --outfile=figs/25memcpu2g-eps-conver
ted-to.pdf figs/25memcpu2g.eps>
(epstopdf)             \includegraphics on input line 45.
Package epstopdf Info: Output file is already uptodate.

<figs/25memcpu2g-eps-converted-to.pdf, id=113, 433.62pt x 216.81pt>
File: figs/25memcpu2g-eps-converted-to.pdf Graphic file (type pdf)

<use figs/25memcpu2g-eps-converted-to.pdf>
Package pdftex.def Info: figs/25memcpu2g-eps-converted-to.pdf used on input lin
e 45.
(pdftex.def)             Requested size: 165.12378pt x 82.56067pt.
Package epstopdf Info: Source file: <figs/25memcpu3g.eps>
(epstopdf)                    date: 2017-07-09 01:01:43
(epstopdf)                    size: 25873 bytes
(epstopdf)             Output file: <figs/25memcpu3g-eps-converted-to.pdf>
(epstopdf)                    date: 2017-07-09 01:04:31
(epstopdf)                    size: 8864 bytes
(epstopdf)             Command: <repstopdf --outfile=figs/25memcpu3g-eps-conver
ted-to.pdf figs/25memcpu3g.eps>
(epstopdf)             \includegraphics on input line 53.
Package epstopdf Info: Output file is already uptodate.

<figs/25memcpu3g-eps-converted-to.pdf, id=114, 433.62pt x 216.81pt>
File: figs/25memcpu3g-eps-converted-to.pdf Graphic file (type pdf)

<use figs/25memcpu3g-eps-converted-to.pdf>
Package pdftex.def Info: figs/25memcpu3g-eps-converted-to.pdf used on input lin
e 53.
(pdftex.def)             Requested size: 165.12378pt x 82.56067pt.

Underfull \hbox (badness 2035) in paragraph at lines 64--68
[]\OT1/ptm/m/n/10 We im-ple-ment our new con-tainer place-ment scheme,
 []

[6] Excluding 'comment' comment.
Underfull \vbox (badness 1377) has occurred while \output is active []

Package epstopdf Info: Source file: <figs/25containernum.eps>
(epstopdf)                    date: 2017-07-11 08:29:49
(epstopdf)                    size: 29238 bytes
(epstopdf)             Output file: <figs/25containernum-eps-converted-to.pdf>
(epstopdf)                    date: 2017-07-11 08:30:15
(epstopdf)                    size: 9373 bytes
(epstopdf)             Command: <repstopdf --outfile=figs/25containernum-eps-co
nverted-to.pdf figs/25containernum.eps>
(epstopdf)             \includegraphics on input line 144.
Package epstopdf Info: Output file is already uptodate.

<figs/25containernum-eps-converted-to.pdf, id=118, 361.35pt x 252.945pt>
File: figs/25containernum-eps-converted-to.pdf Graphic file (type pdf)

<use figs/25containernum-eps-converted-to.pdf>
Package pdftex.def Info: figs/25containernum-eps-converted-to.pdf used on input
 line 144.
(pdftex.def)             Requested size: 120.95892pt x 84.67244pt.
Package epstopdf Info: Source file: <figs/25net.eps>
(epstopdf)                    date: 2017-07-11 08:27:58
(epstopdf)                    size: 23346 bytes
(epstopdf)             Output file: <figs/25net-eps-converted-to.pdf>
(epstopdf)                    date: 2017-07-11 08:30:17
(epstopdf)                    size: 8812 bytes
(epstopdf)             Command: <repstopdf --outfile=figs/25net-eps-converted-t
o.pdf figs/25net.eps>
(epstopdf)             \includegraphics on input line 151.
Package epstopdf Info: Output file is already uptodate.

<figs/25net-eps-converted-to.pdf, id=119, 361.35pt x 252.945pt>
File: figs/25net-eps-converted-to.pdf Graphic file (type pdf)

<use figs/25net-eps-converted-to.pdf>
Package pdftex.def Info: figs/25net-eps-converted-to.pdf used on input line 151
.
(pdftex.def)             Requested size: 120.95892pt x 84.67244pt.
Package epstopdf Info: Source file: <figs/memcpu1.eps>
(epstopdf)                    date: 2017-07-08 23:08:28
(epstopdf)                    size: 25818 bytes
(epstopdf)             Output file: <figs/memcpu1-eps-converted-to.pdf>
(epstopdf)                    date: 2017-07-08 23:20:40
(epstopdf)                    size: 8751 bytes
(epstopdf)             Command: <repstopdf --outfile=figs/memcpu1-eps-converted
-to.pdf figs/memcpu1.eps>
(epstopdf)             \includegraphics on input line 173.
Package epstopdf Info: Output file is already uptodate.

<figs/memcpu1-eps-converted-to.pdf, id=120, 433.62pt x 216.81pt>
File: figs/memcpu1-eps-converted-to.pdf Graphic file (type pdf)

<use figs/memcpu1-eps-converted-to.pdf>
Package pdftex.def Info: figs/memcpu1-eps-converted-to.pdf used on input line 1
73.
(pdftex.def)             Requested size: 165.12378pt x 82.56067pt.
Package epstopdf Info: Source file: <figs/memcpu2.eps>
(epstopdf)                    date: 2017-07-08 23:11:56
(epstopdf)                    size: 25826 bytes
(epstopdf)             Output file: <figs/memcpu2-eps-converted-to.pdf>
(epstopdf)                    date: 2017-07-08 23:20:40
(epstopdf)                    size: 8816 bytes
(epstopdf)             Command: <repstopdf --outfile=figs/memcpu2-eps-converted
-to.pdf figs/memcpu2.eps>
(epstopdf)             \includegraphics on input line 181.
Package epstopdf Info: Output file is already uptodate.

<figs/memcpu2-eps-converted-to.pdf, id=121, 433.62pt x 216.81pt>
File: figs/memcpu2-eps-converted-to.pdf Graphic file (type pdf)

<use figs/memcpu2-eps-converted-to.pdf>
Package pdftex.def Info: figs/memcpu2-eps-converted-to.pdf used on input line 1
81.
(pdftex.def)             Requested size: 165.12378pt x 82.56067pt.
Package epstopdf Info: Source file: <figs/memcpu3.eps>
(epstopdf)                    date: 2017-07-08 23:12:29
(epstopdf)                    size: 25808 bytes
(epstopdf)             Output file: <figs/memcpu3-eps-converted-to.pdf>
(epstopdf)                    date: 2017-07-08 23:20:41
(epstopdf)                    size: 8798 bytes
(epstopdf)             Command: <repstopdf --outfile=figs/memcpu3-eps-converted
-to.pdf figs/memcpu3.eps>
(epstopdf)             \includegraphics on input line 189.
Package epstopdf Info: Output file is already uptodate.

<figs/memcpu3-eps-converted-to.pdf, id=122, 433.62pt x 216.81pt>
File: figs/memcpu3-eps-converted-to.pdf Graphic file (type pdf)

<use figs/memcpu3-eps-converted-to.pdf>
Package pdftex.def Info: figs/memcpu3-eps-converted-to.pdf used on input line 1
89.
(pdftex.def)             Requested size: 165.12378pt x 82.56067pt.
Package epstopdf Info: Source file: <figs/memcpu1g.eps>
(epstopdf)                    date: 2017-07-08 23:14:16
(epstopdf)                    size: 25749 bytes
(epstopdf)             Output file: <figs/memcpu1g-eps-converted-to.pdf>
(epstopdf)                    date: 2017-07-08 23:25:51
(epstopdf)                    size: 8665 bytes
(epstopdf)             Command: <repstopdf --outfile=figs/memcpu1g-eps-converte
d-to.pdf figs/memcpu1g.eps>
(epstopdf)             \includegraphics on input line 199.
Package epstopdf Info: Output file is already uptodate.

<figs/memcpu1g-eps-converted-to.pdf, id=123, 433.62pt x 216.81pt>
File: figs/memcpu1g-eps-converted-to.pdf Graphic file (type pdf)

<use figs/memcpu1g-eps-converted-to.pdf>
Package pdftex.def Info: figs/memcpu1g-eps-converted-to.pdf used on input line 
199.
(pdftex.def)             Requested size: 165.12378pt x 82.56067pt.
Package epstopdf Info: Source file: <figs/memcpu2g.eps>
(epstopdf)                    date: 2017-07-08 23:14:06
(epstopdf)                    size: 25812 bytes
(epstopdf)             Output file: <figs/memcpu2g-eps-converted-to.pdf>
(epstopdf)                    date: 2017-07-08 23:25:51
(epstopdf)                    size: 8988 bytes
(epstopdf)             Command: <repstopdf --outfile=figs/memcpu2g-eps-converte
d-to.pdf figs/memcpu2g.eps>
(epstopdf)             \includegraphics on input line 207.
Package epstopdf Info: Output file is already uptodate.

<figs/memcpu2g-eps-converted-to.pdf, id=124, 433.62pt x 216.81pt>
File: figs/memcpu2g-eps-converted-to.pdf Graphic file (type pdf)

<use figs/memcpu2g-eps-converted-to.pdf>
Package pdftex.def Info: figs/memcpu2g-eps-converted-to.pdf used on input line 
207.
(pdftex.def)             Requested size: 165.12378pt x 82.56067pt.
Package epstopdf Info: Source file: <figs/memcpu3g.eps>
(epstopdf)                    date: 2017-07-08 23:13:38
(epstopdf)                    size: 25769 bytes
(epstopdf)             Output file: <figs/memcpu3g-eps-converted-to.pdf>
(epstopdf)                    date: 2017-07-08 23:25:52
(epstopdf)                    size: 8925 bytes
(epstopdf)             Command: <repstopdf --outfile=figs/memcpu3g-eps-converte
d-to.pdf figs/memcpu3g.eps>
(epstopdf)             \includegraphics on input line 215.
Package epstopdf Info: Output file is already uptodate.

<figs/memcpu3g-eps-converted-to.pdf, id=125, 433.62pt x 216.81pt>
File: figs/memcpu3g-eps-converted-to.pdf Graphic file (type pdf)

<use figs/memcpu3g-eps-converted-to.pdf>
Package pdftex.def Info: figs/memcpu3g-eps-converted-to.pdf used on input line 
215.
(pdftex.def)             Requested size: 165.12378pt x 82.56067pt.
 [7 <./figs/25memcpu1-eps-converted-to.pdf> <./figs/25memcpu2-eps-converted-to.
pdf> <./figs/25memcpu3-eps-converted-to.pdf> <./figs/25memcpu1g-eps-converted-t
o.pdf> <./figs/25memcpu2g-eps-converted-to.pdf> <./figs/25memcpu3g-eps-converte
d-to.pdf> <./figs/25containernum-eps-converted-to.pdf> <./figs/25net-eps-conver
ted-to.pdf>]
Excluding 'comment' comment.
Package epstopdf Info: Source file: <figs/120workload.eps>
(epstopdf)                    date: 2017-07-11 10:56:31
(epstopdf)                    size: 32133 bytes
(epstopdf)             Output file: <figs/120workload-eps-converted-to.pdf>
(epstopdf)                    date: 2017-07-11 17:50:16
(epstopdf)                    size: 14115 bytes
(epstopdf)             Command: <repstopdf --outfile=figs/120workload-eps-conve
rted-to.pdf figs/120workload.eps>
(epstopdf)             \includegraphics on input line 270.
Package epstopdf Info: Output file is already uptodate.

<figs/120workload-eps-converted-to.pdf, id=170, 361.35pt x 252.945pt>
File: figs/120workload-eps-converted-to.pdf Graphic file (type pdf)

<use figs/120workload-eps-converted-to.pdf>
Package pdftex.def Info: figs/120workload-eps-converted-to.pdf used on input li
ne 270.
(pdftex.def)             Requested size: 120.95892pt x 84.67244pt.
Package epstopdf Info: Source file: <figs/iowait.eps>
(epstopdf)                    date: 2017-07-11 17:31:39
(epstopdf)                    size: 22527 bytes
(epstopdf)             Output file: <figs/iowait-eps-converted-to.pdf>
(epstopdf)                    date: 2017-07-11 17:50:17
(epstopdf)                    size: 7255 bytes
(epstopdf)             Command: <repstopdf --outfile=figs/iowait-eps-converted-
to.pdf figs/iowait.eps>
(epstopdf)             \includegraphics on input line 277.
Package epstopdf Info: Output file is already uptodate.

<figs/iowait-eps-converted-to.pdf, id=171, 361.35pt x 252.945pt>
File: figs/iowait-eps-converted-to.pdf Graphic file (type pdf)

<use figs/iowait-eps-converted-to.pdf>
Package pdftex.def Info: figs/iowait-eps-converted-to.pdf used on input line 27
7.
(pdftex.def)             Requested size: 120.95892pt x 84.67244pt.
) (./conclude.tex) (./main.bbl)

** Conference Paper **
Before submitting the final camera ready copy, remember to:

 1. Manually equalize the lengths of two columns on the last page
 of your paper;

 2. Ensure that any PostScript and/or PDF output post-processing
 uses only Type 1 fonts and that every step in the generation
 process uses the appropriate paper size.

[8 <./figs/memcpu1-eps-converted-to.pdf> <./figs/memcpu2-eps-converted-to.pdf> 
<./figs/memcpu3-eps-converted-to.pdf> <./figs/memcpu1g-eps-converted-to.pdf> <.
/figs/memcpu2g-eps-converted-to.pdf> <./figs/memcpu3g-eps-converted-to.pdf> <./
figs/120workload-eps-converted-to.pdf> <./figs/iowait-eps-converted-to.pdf>]
(./main.aux) ) 
Here is how much of TeX's memory you used:
 13613 strings out of 494953
 250664 string characters out of 6180977
 288227 words of memory out of 5000000
 16700 multiletter control sequences out of 15000+600000
 49276 words of font info for 116 fonts, out of 8000000 for 9000
 14 hyphenation exceptions out of 8191
 42i,15n,40p,10388b,641s stack positions out of 5000i,500n,10000p,200000b,80000s
{/usr/share/texlive/texmf-dist/fonts/enc/dvips/base/8r.enc}</usr/
share/texlive/texmf-dist/fonts/type1/public/amsfonts/cm/cmex10.pfb></usr/share/
texlive/texmf-dist/fonts/type1/public/amsfonts/cm/cmmi10.pfb></usr/share/texliv
e/texmf-dist/fonts/type1/public/amsfonts/cm/cmmi5.pfb></usr/share/texlive/texmf
-dist/fonts/type1/public/amsfonts/cm/cmmi6.pfb></usr/share/texlive/texmf-dist/f
onts/type1/public/amsfonts/cm/cmmi7.pfb></usr/share/texlive/texmf-dist/fonts/ty
pe1/public/amsfonts/cm/cmmi9.pfb></usr/share/texlive/texmf-dist/fonts/type1/pub
lic/amsfonts/cm/cmr10.pfb></usr/share/texlive/texmf-dist/fonts/type1/public/ams
fonts/cm/cmr7.pfb></usr/share/texlive/texmf-dist/fonts/type1/public/amsfonts/cm
/cmr9.pfb></usr/share/texlive/texmf-dist/fonts/type1/public/amsfonts/cm/cmsy10.
pfb></usr/share/texlive/texmf-dist/fonts/type1/public/amsfonts/cm/cmsy7.pfb></u
sr/share/texlive/texmf-dist/fonts/type1/public/amsfonts/cm/cmsy8.pfb></usr/shar
e/texlive/texmf-dist/fonts/type1/public/amsfonts/cm/cmsy9.pfb></usr/share/texli
ve/texmf-dist/fonts/type1/urw/courier/ucrr8a.pfb></usr/share/texlive/texmf-dist
/fonts/type1/urw/times/utmb8a.pfb></usr/share/texlive/texmf-dist/fonts/type1/ur
w/times/utmbi8a.pfb></usr/share/texlive/texmf-dist/fonts/type1/urw/times/utmr8a
.pfb></usr/share/texlive/texmf-dist/fonts/type1/urw/times/utmri8a.pfb>
Output written on main.pdf (8 pages, 430079 bytes).
PDF statistics:
 274 PDF objects out of 1000 (max. 8388607)
 180 compressed objects within 2 object streams
 0 named destinations out of 1000 (max. 500000)
 121 words of extra memory for PDF output out of 10000 (max. 10000000)

