This is pdfTeX, Version 3.14159265-2.6-1.40.18 (TeX Live 2017) (preloaded format=pdflatex 2017.5.23)  19 MAY 2019 19:31
entering extended mode
 restricted \write18 enabled.
 %&-line parsing enabled.
**main.tex
(./main.tex
LaTeX2e <2017-04-15>
Babel <3.10> and hyphenation patterns for 84 language(s) loaded.
(./IEEEtran.cls
Document Class: IEEEtran 2007/03/05 V1.7a by Michael Shell
-- See the "IEEEtran_HOWTO" manual for usage information.
-- http://www.michaelshell.org/tex/ieeetran/
\@IEEEtrantmpdimenA=\dimen102
\@IEEEtrantmpdimenB=\dimen103
\@IEEEtrantmpcountA=\count79
\@IEEEtrantmpcountB=\count80
\@IEEEtrantmptoksA=\toks14
LaTeX Font Info:    Try loading font information for OT1+ptm on input line 366.

(/usr/local/texlive/2017/texmf-dist/tex/latex/psnfss/ot1ptm.fd
File: ot1ptm.fd 2001/06/04 font definitions for OT1/ptm.
)
-- Using 8.5in x 11in (letter) paper.
-- Using PDF output.
\@IEEEnormalsizeunitybaselineskip=\dimen104
-- This is a 10 point document.
\CLASSINFOnormalsizebaselineskip=\dimen105
\CLASSINFOnormalsizeunitybaselineskip=\dimen106
\IEEEnormaljot=\dimen107
LaTeX Font Info:    Font shape `OT1/ptm/bx/n' in size <5> not available
(Font)              Font shape `OT1/ptm/b/n' tried instead on input line 724.
LaTeX Font Info:    Font shape `OT1/ptm/bx/it' in size <5> not available
(Font)              Font shape `OT1/ptm/b/it' tried instead on input line 724.
LaTeX Font Info:    Font shape `OT1/ptm/bx/n' in size <7> not available
(Font)              Font shape `OT1/ptm/b/n' tried instead on input line 724.
LaTeX Font Info:    Font shape `OT1/ptm/bx/it' in size <7> not available
(Font)              Font shape `OT1/ptm/b/it' tried instead on input line 724.
LaTeX Font Info:    Font shape `OT1/ptm/bx/n' in size <8> not available
(Font)              Font shape `OT1/ptm/b/n' tried instead on input line 724.
LaTeX Font Info:    Font shape `OT1/ptm/bx/it' in size <8> not available
(Font)              Font shape `OT1/ptm/b/it' tried instead on input line 724.
LaTeX Font Info:    Font shape `OT1/ptm/bx/n' in size <9> not available
(Font)              Font shape `OT1/ptm/b/n' tried instead on input line 724.
LaTeX Font Info:    Font shape `OT1/ptm/bx/it' in size <9> not available
(Font)              Font shape `OT1/ptm/b/it' tried instead on input line 724.
LaTeX Font Info:    Font shape `OT1/ptm/bx/n' in size <10> not available
(Font)              Font shape `OT1/ptm/b/n' tried instead on input line 724.
LaTeX Font Info:    Font shape `OT1/ptm/bx/it' in size <10> not available
(Font)              Font shape `OT1/ptm/b/it' tried instead on input line 724.
LaTeX Font Info:    Font shape `OT1/ptm/bx/n' in size <11> not available
(Font)              Font shape `OT1/ptm/b/n' tried instead on input line 724.
LaTeX Font Info:    Font shape `OT1/ptm/bx/it' in size <11> not available
(Font)              Font shape `OT1/ptm/b/it' tried instead on input line 724.
LaTeX Font Info:    Font shape `OT1/ptm/bx/n' in size <12> not available
(Font)              Font shape `OT1/ptm/b/n' tried instead on input line 724.
LaTeX Font Info:    Font shape `OT1/ptm/bx/it' in size <12> not available
(Font)              Font shape `OT1/ptm/b/it' tried instead on input line 724.
LaTeX Font Info:    Font shape `OT1/ptm/bx/n' in size <17> not available
(Font)              Font shape `OT1/ptm/b/n' tried instead on input line 724.
LaTeX Font Info:    Font shape `OT1/ptm/bx/it' in size <17> not available
(Font)              Font shape `OT1/ptm/b/it' tried instead on input line 724.
LaTeX Font Info:    Font shape `OT1/ptm/bx/n' in size <20> not available
(Font)              Font shape `OT1/ptm/b/n' tried instead on input line 724.
LaTeX Font Info:    Font shape `OT1/ptm/bx/it' in size <20> not available
(Font)              Font shape `OT1/ptm/b/it' tried instead on input line 724.
LaTeX Font Info:    Font shape `OT1/ptm/bx/n' in size <24> not available
(Font)              Font shape `OT1/ptm/b/n' tried instead on input line 724.
LaTeX Font Info:    Font shape `OT1/ptm/bx/it' in size <24> not available
(Font)              Font shape `OT1/ptm/b/it' tried instead on input line 724.
\IEEEilabelindentA=\dimen108
\IEEEilabelindentB=\dimen109
\IEEEilabelindent=\dimen110
\IEEEelabelindent=\dimen111
\IEEEdlabelindent=\dimen112
\IEEElabelindent=\dimen113
\IEEEiednormlabelsep=\dimen114
\IEEEiedmathlabelsep=\dimen115
\IEEEiedtopsep=\skip41
\c@section=\count81
\c@subsection=\count82
\c@subsubsection=\count83
\c@paragraph=\count84
\c@IEEEsubequation=\count85
\abovecaptionskip=\skip42
\belowcaptionskip=\skip43
\c@figure=\count86
\c@table=\count87
\@IEEEeqnnumcols=\count88
\@IEEEeqncolcnt=\count89
\@IEEEtmpitemindent=\dimen116
\c@IEEEbiography=\count90
\@IEEEtranrubishbin=\box26
) (/usr/local/texlive/2017/texmf-dist/tex/latex/algorithms/algorithm.sty
Package: algorithm 2009/08/24 v0.1 Document Style `algorithm' - floating enviro
nment

(/usr/local/texlive/2017/texmf-dist/tex/latex/float/float.sty
Package: float 2001/11/08 v1.3d Float enhancements (AL)
\c@float@type=\count91
\float@exts=\toks15
\float@box=\box27
\@float@everytoks=\toks16
\@floatcapt=\box28
)
(/usr/local/texlive/2017/texmf-dist/tex/latex/base/ifthen.sty
Package: ifthen 2014/09/29 v1.1c Standard LaTeX ifthen package (DPC)
)
\@float@every@algorithm=\toks17
\c@algorithm=\count92
)
(/usr/local/texlive/2017/texmf-dist/tex/latex/multirow/multirow.sty
Package: multirow 2016/11/25 v2.2 Span multiple rows of a table
\multirow@colwidth=\skip44
\multirow@cntb=\count93
\multirow@dima=\skip45
\bigstrutjot=\dimen117
)
(/usr/local/texlive/2017/texmf-dist/tex/latex/algorithms/algorithmic.sty
Package: algorithmic 2009/08/24 v0.1 Document Style `algorithmic'

(/usr/local/texlive/2017/texmf-dist/tex/latex/graphics/keyval.sty
Package: keyval 2014/10/28 v1.15 key=value parser (DPC)
\KV@toks@=\toks18
)
\c@ALC@unique=\count94
\c@ALC@line=\count95
\c@ALC@rem=\count96
\c@ALC@depth=\count97
\ALC@tlm=\skip46
\algorithmicindent=\skip47
)
(/usr/local/texlive/2017/texmf-dist/tex/latex/graphics/graphicx.sty
Package: graphicx 2014/10/28 v1.0g Enhanced LaTeX Graphics (DPC,SPQR)

(/usr/local/texlive/2017/texmf-dist/tex/latex/graphics/graphics.sty
Package: graphics 2017/04/14 v1.1b Standard LaTeX Graphics (DPC,SPQR)

(/usr/local/texlive/2017/texmf-dist/tex/latex/graphics/trig.sty
Package: trig 2016/01/03 v1.10 sin cos tan (DPC)
)
(/usr/local/texlive/2017/texmf-dist/tex/latex/graphics-cfg/graphics.cfg
File: graphics.cfg 2016/06/04 v1.11 sample graphics configuration
)
Package graphics Info: Driver file: pdftex.def on input line 99.

(/usr/local/texlive/2017/texmf-dist/tex/latex/graphics-def/pdftex.def
File: pdftex.def 2017/01/12 v0.06k Graphics/color for pdfTeX

(/usr/local/texlive/2017/texmf-dist/tex/generic/oberdiek/infwarerr.sty
Package: infwarerr 2016/05/16 v1.4 Providing info/warning/error messages (HO)
)
(/usr/local/texlive/2017/texmf-dist/tex/generic/oberdiek/ltxcmds.sty
Package: ltxcmds 2016/05/16 v1.23 LaTeX kernel commands for general use (HO)
)
\Gread@gobject=\count98
))
\Gin@req@height=\dimen118
\Gin@req@width=\dimen119
)
(/usr/local/texlive/2017/texmf-dist/tex/latex/comment/comment.sty
\CommentStream=\write3

Excluding comment 'comment')
(/usr/local/texlive/2017/texmf-dist/tex/latex/cite/cite.sty
LaTeX Info: Redefining \cite on input line 302.
LaTeX Info: Redefining \nocite on input line 332.
Package: cite 2015/02/27  v 5.5
)
(/usr/local/texlive/2017/texmf-dist/tex/latex/amsfonts/amssymb.sty
Package: amssymb 2013/01/14 v3.01 AMS font symbols

(/usr/local/texlive/2017/texmf-dist/tex/latex/amsfonts/amsfonts.sty
Package: amsfonts 2013/01/14 v3.01 Basic AMSFonts support
\@emptytoks=\toks19
\symAMSa=\mathgroup4
\symAMSb=\mathgroup5
LaTeX Font Info:    Overwriting math alphabet `\mathfrak' in version `bold'
(Font)                  U/euf/m/n --> U/euf/b/n on input line 106.
))
(/usr/local/texlive/2017/texmf-dist/tex/latex/amscls/amsthm.sty
Package: amsthm 2015/03/04 v2.20.2
\thm@style=\toks20
\thm@bodyfont=\toks21
\thm@headfont=\toks22
\thm@notefont=\toks23
\thm@headpunct=\toks24
\thm@preskip=\skip48
\thm@postskip=\skip49
\thm@headsep=\skip50
\dth@everypar=\toks25
)
(/usr/local/texlive/2017/texmf-dist/tex/latex/jknapltx/mathrsfs.sty
Package: mathrsfs 1996/01/01 Math RSFS package v1.0 (jk)
\symrsfs=\mathgroup6
)
(/usr/local/texlive/2017/texmf-dist/tex/generic/epsf/epsf.sty
This is `epsf.tex' v2.7.4 <14 February 2011>
\epsffilein=\read1
\epsfframemargin=\dimen120
\epsfframethickness=\dimen121
\epsfrsize=\dimen122
\epsftmp=\dimen123
\epsftsize=\dimen124
\epsfxsize=\dimen125
\epsfysize=\dimen126
\pspoints=\dimen127
) (/usr/local/texlive/2017/texmf-dist/tex/latex/psnfss/times.sty
Package: times 2005/04/12 PSNFSS-v9.2a (SPQR) 
)
(/usr/local/texlive/2017/texmf-dist/tex/latex/amsmath/amsmath.sty
Package: amsmath 2016/11/05 v2.16a AMS math features
\@mathmargin=\skip51

For additional information on amsmath, use the `?' option.
(/usr/local/texlive/2017/texmf-dist/tex/latex/amsmath/amstext.sty
Package: amstext 2000/06/29 v2.01 AMS text

(/usr/local/texlive/2017/texmf-dist/tex/latex/amsmath/amsgen.sty
File: amsgen.sty 1999/11/30 v2.0 generic functions
\@emptytoks=\toks26
\ex@=\dimen128
))
(/usr/local/texlive/2017/texmf-dist/tex/latex/amsmath/amsbsy.sty
Package: amsbsy 1999/11/29 v1.2d Bold Symbols
\pmbraise@=\dimen129
)
(/usr/local/texlive/2017/texmf-dist/tex/latex/amsmath/amsopn.sty
Package: amsopn 2016/03/08 v2.02 operator names
)
\inf@bad=\count99
LaTeX Info: Redefining \frac on input line 213.
\uproot@=\count100
\leftroot@=\count101
LaTeX Info: Redefining \overline on input line 375.
\classnum@=\count102
\DOTSCASE@=\count103
LaTeX Info: Redefining \ldots on input line 472.
LaTeX Info: Redefining \dots on input line 475.
LaTeX Info: Redefining \cdots on input line 596.
\Mathstrutbox@=\box29
\strutbox@=\box30
\big@size=\dimen130
LaTeX Font Info:    Redeclaring font encoding OML on input line 712.
LaTeX Font Info:    Redeclaring font encoding OMS on input line 713.
\macc@depth=\count104
\c@MaxMatrixCols=\count105
\dotsspace@=\muskip10
\c@parentequation=\count106
\dspbrk@lvl=\count107
\tag@help=\toks27
\row@=\count108
\column@=\count109
\maxfields@=\count110
\andhelp@=\toks28
\eqnshift@=\dimen131
\alignsep@=\dimen132
\tagshift@=\dimen133
\tagwidth@=\dimen134
\totwidth@=\dimen135
\lineht@=\dimen136
\@envbody=\toks29
\multlinegap=\skip52
\multlinetaggap=\skip53
\mathdisplay@stack=\toks30
LaTeX Info: Redefining \[ on input line 2817.
LaTeX Info: Redefining \] on input line 2818.
)
(/usr/local/texlive/2017/texmf-dist/tex/latex/url/url.sty
\Urlmuskip=\muskip11
Package: url 2013/09/16  ver 3.4  Verb mode for urls, etc.
)
(/usr/local/texlive/2017/texmf-dist/tex/latex/breqn/flexisym.sty
(/usr/local/texlive/2017/texmf-dist/tex/latex/l3kernel/expl3.sty
Package: expl3 2017/05/13 L3 programming layer (loader) 

(/usr/local/texlive/2017/texmf-dist/tex/latex/l3kernel/expl3-code.tex
Package: expl3 2017/05/13 L3 programming layer (code)
\c_max_int=\count111
\l_tmpa_int=\count112
\l_tmpb_int=\count113
\g_tmpa_int=\count114
\g_tmpb_int=\count115
\g__prg_map_int=\count116
\c_log_iow=\count117
\l_iow_line_count_int=\count118
\l__iow_line_target_int=\count119
\l__iow_one_indent_int=\count120
\l__iow_indent_int=\count121
\c_zero_dim=\dimen137
\c_max_dim=\dimen138
\l_tmpa_dim=\dimen139
\l_tmpb_dim=\dimen140
\g_tmpa_dim=\dimen141
\g_tmpb_dim=\dimen142
\c_zero_skip=\skip54
\c_max_skip=\skip55
\l_tmpa_skip=\skip56
\l_tmpb_skip=\skip57
\g_tmpa_skip=\skip58
\g_tmpb_skip=\skip59
\c_zero_muskip=\muskip12
\c_max_muskip=\muskip13
\l_tmpa_muskip=\muskip14
\l_tmpb_muskip=\muskip15
\g_tmpa_muskip=\muskip16
\g_tmpb_muskip=\muskip17
\l_keys_choice_int=\count122
\c__fp_leading_shift_int=\count123
\c__fp_middle_shift_int=\count124
\c__fp_trailing_shift_int=\count125
\c__fp_big_leading_shift_int=\count126
\c__fp_big_middle_shift_int=\count127
\c__fp_big_trailing_shift_int=\count128
\c__fp_Bigg_leading_shift_int=\count129
\c__fp_Bigg_middle_shift_int=\count130
\c__fp_Bigg_trailing_shift_int=\count131
\c__fp_rand_size_int=\count132
\c__fp_rand_four_int=\count133
\c__fp_rand_eight_int=\count134
\l__sort_length_int=\count135
\l__sort_min_int=\count136
\l__sort_top_int=\count137
\l__sort_max_int=\count138
\l__sort_true_max_int=\count139
\l__sort_block_int=\count140
\l__sort_begin_int=\count141
\l__sort_end_int=\count142
\l__sort_A_int=\count143
\l__sort_B_int=\count144
\l__sort_C_int=\count145
\c_empty_box=\box31
\l_tmpa_box=\box32
\l_tmpb_box=\box33
\g_tmpa_box=\box34
\g_tmpb_box=\box35
\l__box_top_dim=\dimen143
\l__box_bottom_dim=\dimen144
\l__box_left_dim=\dimen145
\l__box_right_dim=\dimen146
\l__box_top_new_dim=\dimen147
\l__box_bottom_new_dim=\dimen148
\l__box_left_new_dim=\dimen149
\l__box_right_new_dim=\dimen150
\l__box_internal_box=\box36
\l__coffin_internal_box=\box37
\l__coffin_internal_dim=\dimen151
\l__coffin_offset_x_dim=\dimen152
\l__coffin_offset_y_dim=\dimen153
\l__coffin_x_dim=\dimen154
\l__coffin_y_dim=\dimen155
\l__coffin_x_prime_dim=\dimen156
\l__coffin_y_prime_dim=\dimen157
\c_empty_coffin=\box38
\l__coffin_aligned_coffin=\box39
\l__coffin_aligned_internal_coffin=\box40
\l_tmpa_coffin=\box41
\l_tmpb_coffin=\box42
\l__coffin_display_coffin=\box43
\l__coffin_display_coord_coffin=\box44
\l__coffin_display_pole_coffin=\box45
\l__coffin_display_offset_dim=\dimen158
\l__coffin_display_x_dim=\dimen159
\l__coffin_display_y_dim=\dimen160
\l__coffin_bounding_shift_dim=\dimen161
\l__coffin_left_corner_dim=\dimen162
\l__coffin_right_corner_dim=\dimen163
\l__coffin_bottom_corner_dim=\dimen164
\l__coffin_top_corner_dim=\dimen165
\l__coffin_scaled_total_height_dim=\dimen166
\l__coffin_scaled_width_dim=\dimen167
)
(/usr/local/texlive/2017/texmf-dist/tex/latex/l3kernel/l3pdfmode.def
File: l3pdfmode.def 2017/03/18 v L3 Experimental driver: PDF mode
\l__driver_color_stack_int=\count146
\l__driver_tmp_box=\box46
))
Package: flexisym 2017/01/27 v0.98e Make math characters macros
LaTeX Info: Redefining \textprime on input line 300.
LaTeX Info: Redefining \not on input line 358.

(/usr/local/texlive/2017/texmf-dist/tex/latex/breqn/cmbase.sym
File: cmbase.sym 2007/12/19 v0.92
LaTeX Info: Redefining \hbar on input line 325.
LaTeX Info: Redefining \surd on input line 327.
LaTeX Info: Redefining \angle on input line 335.
LaTeX Info: Redefining \neq on input line 336.
LaTeX Info: Redefining \mapsto on input line 337.
LaTeX Info: Redefining \cong on input line 338.
LaTeX Info: Redefining \notin on input line 341.
LaTeX Info: Redefining \rightleftharpoons on input line 342.
LaTeX Info: Redefining \doteq on input line 343.
LaTeX Info: Redefining \hookrightarrow on input line 344.
LaTeX Info: Redefining \hookleftarrow on input line 345.
LaTeX Info: Redefining \bowtie on input line 346.
LaTeX Info: Redefining \models on input line 347.
LaTeX Info: Redefining \Longrightarrow on input line 348.
LaTeX Info: Redefining \longrightarrow on input line 349.
LaTeX Info: Redefining \Longleftarrow on input line 350.
LaTeX Info: Redefining \longleftarrow on input line 351.
LaTeX Info: Redefining \longmapsto on input line 352.
LaTeX Info: Redefining \longleftrightarrow on input line 353.
LaTeX Info: Redefining \Longleftrightarrow on input line 354.
LaTeX Info: Redefining \cdots on input line 358.
LaTeX Info: Redefining \vdots on input line 361.
LaTeX Info: Redefining \ddots on input line 366.
)
(/usr/local/texlive/2017/texmf-dist/tex/latex/breqn/mathstyle.sty
Package: mathstyle 2017/01/27 0.98e Tracking mathstyle implicitly
LaTeX Info: Redefining \displaystyle on input line 93.
LaTeX Info: Redefining \textstyle on input line 95.
LaTeX Info: Redefining \scriptstyle on input line 97.
LaTeX Info: Redefining \scriptscriptstyle on input line 99.
LaTeX Info: Redefining \genfrac on input line 145.
))
(/usr/local/texlive/2017/texmf-dist/tex/latex/cleveref/cleveref.sty
Package: cleveref 2013/12/28 v0.19 Intelligent cross-referencing
Package cleveref Info: `amsthm' support loaded on input line 2858.
Package cleveref Info: always capitalise cross-reference names on input line 74
65.
Package cleveref Info: always capitalise cross-reference names on input line 74
93.
)
\c@lemma=\count147

(/usr/local/texlive/2017/texmf-dist/tex/latex/caption/subcaption.sty
Package: subcaption 2016/05/22 v1.1-161 Sub-captions (AR)

(/usr/local/texlive/2017/texmf-dist/tex/latex/caption/caption.sty
Package: caption 2016/02/21 v3.3-144 Customizing captions (AR)

(/usr/local/texlive/2017/texmf-dist/tex/latex/caption/caption3.sty
Package: caption3 2016/05/22 v1.7-166 caption3 kernel (AR)
Package caption3 Info: TeX engine: e-TeX on input line 67.
\captionmargin=\dimen168
\captionmargin@=\dimen169
\captionwidth=\dimen170
\caption@tempdima=\dimen171
\caption@indent=\dimen172
\caption@parindent=\dimen173
\caption@hangindent=\dimen174
Package caption Info: Unknown document class (or package),
(caption)             standard defaults will be used.
)

Package caption Warning: Unsupported document class (or package) detected,
(caption)                usage of the caption package is not recommended.
See the caption package documentation for explanation.

Package caption Info: \@makecaption = \long macro:#1#2->\ifx \@captype \@IEEEta
blestring \footnotesize \begin {center}{\normalfont \footnotesize #1}\\{\normal
font \footnotesize \scshape #2}\end {center}\@IEEEtablecaptionsepspace \else \@
IEEEfigurecaptionsepspace \setbox \@tempboxa \hbox {\normalfont \footnotesize {
#1.}~~ #2}\ifdim \wd \@tempboxa >\hsize \setbox \@tempboxa \hbox {\normalfont \
footnotesize {#1.}~~ }\parbox [t]{\hsize }{\normalfont \footnotesize \noindent 
\unhbox \@tempboxa #2}\else \ifCLASSOPTIONconference \hbox to\hsize {\normalfon
t \footnotesize \hfil \box \@tempboxa \hfil }\else \hbox to\hsize {\normalfont 
\footnotesize \box \@tempboxa \hfil }\fi \fi \fi .
\c@ContinuedFloat=\count148
Package caption Info: float package is loaded.
)
\c@subfigure=\count149
\c@subtable=\count150
) (/usr/local/texlive/2017/texmf-dist/tex/latex/graphics/color.sty
Package: color 2016/07/10 v1.1e Standard LaTeX Color (DPC)

(/usr/local/texlive/2017/texmf-dist/tex/latex/graphics-cfg/color.cfg
File: color.cfg 2016/01/02 v1.6 sample color configuration
)
Package color Info: Driver file: pdftex.def on input line 147.
)
(/usr/local/texlive/2017/texmf-dist/tex/latex/tools/array.sty
Package: array 2016/10/06 v2.4d Tabular extension package (FMi)
\col@sep=\dimen175
\extrarowheight=\dimen176
\NC@list=\toks31
\extratabsurround=\skip60
\backup@length=\skip61
) (./main.aux)
\openout1 = `main.aux'.

LaTeX Font Info:    Checking defaults for OML/cmm/m/it on input line 42.
LaTeX Font Info:    ... okay on input line 42.
LaTeX Font Info:    Checking defaults for T1/cmr/m/n on input line 42.
LaTeX Font Info:    ... okay on input line 42.
LaTeX Font Info:    Checking defaults for OT1/cmr/m/n on input line 42.
LaTeX Font Info:    ... okay on input line 42.
LaTeX Font Info:    Checking defaults for OMS/cmsy/m/n on input line 42.
LaTeX Font Info:    ... okay on input line 42.
LaTeX Font Info:    Checking defaults for OMX/cmex/m/n on input line 42.
LaTeX Font Info:    ... okay on input line 42.
LaTeX Font Info:    Checking defaults for U/cmr/m/n on input line 42.
LaTeX Font Info:    ... okay on input line 42.

(/usr/local/texlive/2017/texmf-dist/tex/context/base/mkii/supp-pdf.mkii
[Loading MPS to PDF converter (version 2006.09.02).]
\scratchcounter=\count151
\scratchdimen=\dimen177
\scratchbox=\box47
\nofMPsegments=\count152
\nofMParguments=\count153
\everyMPshowfont=\toks32
\MPscratchCnt=\count154
\MPscratchDim=\dimen178
\MPnumerator=\count155
\makeMPintoPDFobject=\count156
\everyMPtoPDFconversion=\toks33
) (/usr/local/texlive/2017/texmf-dist/tex/generic/oberdiek/pdftexcmds.sty
Package: pdftexcmds 2017/03/19 v0.25 Utility functions of pdfTeX for LuaTeX (HO
)

(/usr/local/texlive/2017/texmf-dist/tex/generic/oberdiek/ifluatex.sty
Package: ifluatex 2016/05/16 v1.4 Provides the ifluatex switch (HO)
Package ifluatex Info: LuaTeX not detected.
)
(/usr/local/texlive/2017/texmf-dist/tex/generic/oberdiek/ifpdf.sty
Package: ifpdf 2017/03/15 v3.2 Provides the ifpdf switch
)
Package pdftexcmds Info: LuaTeX not detected.
Package pdftexcmds Info: \pdf@primitive is available.
Package pdftexcmds Info: \pdf@ifprimitive is available.
Package pdftexcmds Info: \pdfdraftmode found.
)
(/usr/local/texlive/2017/texmf-dist/tex/latex/oberdiek/epstopdf-base.sty
Package: epstopdf-base 2016/05/15 v2.6 Base part for package epstopdf

(/usr/local/texlive/2017/texmf-dist/tex/latex/oberdiek/grfext.sty
Package: grfext 2016/05/16 v1.2 Manage graphics extensions (HO)

(/usr/local/texlive/2017/texmf-dist/tex/generic/oberdiek/kvdefinekeys.sty
Package: kvdefinekeys 2016/05/16 v1.4 Define keys (HO)
))
(/usr/local/texlive/2017/texmf-dist/tex/latex/oberdiek/kvoptions.sty
Package: kvoptions 2016/05/16 v3.12 Key value format for package options (HO)

(/usr/local/texlive/2017/texmf-dist/tex/generic/oberdiek/kvsetkeys.sty
Package: kvsetkeys 2016/05/16 v1.17 Key value parser (HO)

(/usr/local/texlive/2017/texmf-dist/tex/generic/oberdiek/etexcmds.sty
Package: etexcmds 2016/05/16 v1.6 Avoid name clashes with e-TeX commands (HO)
Package etexcmds Info: Could not find \expanded.
(etexcmds)             That can mean that you are not using pdfTeX 1.50 or
(etexcmds)             that some package has redefined \expanded.
(etexcmds)             In the latter case, load this package earlier.
)))
Package epstopdf-base Info: Redefining graphics rule for `.eps' on input line 4
38.
Package grfext Info: Graphics extension search list:
(grfext)             [.pdf,.jpeg,.png,.eps]
(grfext)             \AppendGraphicsExtensions on input line 456.

(/usr/local/texlive/2017/texmf-dist/tex/latex/latexconfig/epstopdf-sys.cfg
File: epstopdf-sys.cfg 2010/07/13 v1.3 Configuration of (r)epstopdf for TeX Liv
e
))
Package caption Info: Begin \AtBeginDocument code.
Package caption Info: End \AtBeginDocument code.
LaTeX Font Info:    Calculating math sizes for size <11> on input line 69.
LaTeX Font Info:    Try loading font information for U+msa on input line 69.

(/usr/local/texlive/2017/texmf-dist/tex/latex/amsfonts/umsa.fd
File: umsa.fd 2013/01/14 v3.01 AMS symbols A
)
LaTeX Font Info:    Try loading font information for U+msb on input line 69.

(/usr/local/texlive/2017/texmf-dist/tex/latex/amsfonts/umsb.fd
File: umsb.fd 2013/01/14 v3.01 AMS symbols B
)
LaTeX Font Info:    Try loading font information for U+rsfs on input line 69.

(/usr/local/texlive/2017/texmf-dist/tex/latex/jknapltx/ursfs.fd
File: ursfs.fd 1998/03/24 rsfs font definition file (jk)
)
LaTeX Font Info:    Try loading font information for OMS+ptm on input line 69.

(/usr/local/texlive/2017/texmf-dist/tex/latex/psnfss/omsptm.fd
File: omsptm.fd 
)
LaTeX Font Info:    Font shape `OMS/ptm/m/n' in size <10> not available
(Font)              Font shape `OMS/cmsy/m/n' tried instead on input line 69.
 (./intro.tex
LaTeX Font Info:    Try loading font information for OT1+pcr on input line 49.

(/usr/local/texlive/2017/texmf-dist/tex/latex/psnfss/ot1pcr.fd
File: ot1pcr.fd 2001/06/04 font definitions for OT1/pcr.
) [1{/usr/local/texlive/2017/texmf-var/fonts/map/pdftex/updmap/pdftex.map}


]) (./rel.tex)
(./back.tex Excluding 'comment' comment. Excluding 'comment' comment.
Package epstopdf Info: Source file: <figs/start-single.eps>
(epstopdf)                    date: 2019-05-19 17:37:37
(epstopdf)                    size: 25588 bytes
(epstopdf)             Output file: <figs/start-single-eps-converted-to.pdf>
(epstopdf)                    date: 2019-05-19 18:16:57
(epstopdf)                    size: 9170 bytes
(epstopdf)             Command: <repstopdf --outfile=figs/start-single-eps-conv
erted-to.pdf figs/start-single.eps>
(epstopdf)             \includegraphics on input line 100.
Package epstopdf Info: Output file is already uptodate.

<figs/start-single-eps-converted-to.pdf, id=12, 578.16pt x 289.08pt>
File: figs/start-single-eps-converted-to.pdf Graphic file (type pdf)

<use figs/start-single-eps-converted-to.pdf>
Package pdftex.def Info: figs/start-single-eps-converted-to.pdf used on input l
ine 100.
(pdftex.def)             Requested size: 201.60077pt x 100.80016pt.
 [2]) (./system.tex
LaTeX Font Info:    Font shape `OT1/pcr/m/it' in size <10> not available
(Font)              Font shape `OT1/pcr/m/sl' tried instead on input line 18.

Underfull \hbox (badness 10000) in paragraph at lines 19--22
[]\OT1/ptm/m/n/10 To sim-plify the im-ple-men-ta-tion, we in-te-grate the
 []


Underfull \hbox (badness 4001) in paragraph at lines 19--22
\OT1/pcr/m/n/10 DRAPS  \OT1/ptm/m/n/10 com-po-nents into the cur-rent frame-wor
k. As
 []

Package epstopdf Info: Source file: <figs/drap.eps>
(epstopdf)                    date: 2019-05-19 17:37:37
(epstopdf)                    size: 302292 bytes
(epstopdf)             Output file: <figs/drap-eps-converted-to.pdf>
(epstopdf)                    date: 2019-05-19 17:37:37
(epstopdf)                    size: 38634 bytes
(epstopdf)             Command: <repstopdf --outfile=figs/drap-eps-converted-to
.pdf figs/drap.eps>
(epstopdf)             \includegraphics on input line 41.
Package epstopdf Info: Output file is already uptodate.
<figs/drap-eps-converted-to.pdf, id=18, 487.8225pt x 225.84375pt>
File: figs/drap-eps-converted-to.pdf Graphic file (type pdf)

<use figs/drap-eps-converted-to.pdf>
Package pdftex.def Info: figs/drap-eps-converted-to.pdf used on input line 41.
(pdftex.def)             Requested size: 201.60077pt x 93.33398pt.
) (./problem.tex [3 <./figs/start-single-eps-converted-to.pdf> <./figs/drap-eps
-converted-to.pdf>]
** ATTENTION: \proof is deprecated (line 30). Use \IEEEproof instead.
Excluding 'comment' comment. Excluding 'comment' comment.) (./solution.tex
Underfull \hbox (badness 7851) in paragraph at lines 2--10
[]\OT1/ptm/m/n/10 Previously, we dis-cussed the dif-fer-ent mod-ules in
 []

Package epstopdf Info: Source file: <figs/cpu.eps>
(epstopdf)                    date: 2019-05-19 17:37:37
(epstopdf)                    size: 26147 bytes
(epstopdf)             Output file: <figs/cpu-eps-converted-to.pdf>
(epstopdf)                    date: 2019-05-19 17:37:37
(epstopdf)                    size: 8928 bytes
(epstopdf)             Command: <repstopdf --outfile=figs/cpu-eps-converted-to.
pdf figs/cpu.eps>
(epstopdf)             \includegraphics on input line 19.
Package epstopdf Info: Output file is already uptodate.
<figs/cpu-eps-converted-to.pdf, id=47, 578.16pt x 289.08pt>
File: figs/cpu-eps-converted-to.pdf Graphic file (type pdf)

<use figs/cpu-eps-converted-to.pdf>
Package pdftex.def Info: figs/cpu-eps-converted-to.pdf used on input line 19.
(pdftex.def)             Requested size: 123.84283pt x 61.9216pt.
Package epstopdf Info: Source file: <figs/mem.eps>
(epstopdf)                    date: 2019-05-19 17:37:37
(epstopdf)                    size: 25416 bytes
(epstopdf)             Output file: <figs/mem-eps-converted-to.pdf>
(epstopdf)                    date: 2019-05-19 17:37:37
(epstopdf)                    size: 8865 bytes
(epstopdf)             Command: <repstopdf --outfile=figs/mem-eps-converted-to.
pdf figs/mem.eps>
(epstopdf)             \includegraphics on input line 27.
Package epstopdf Info: Output file is already uptodate.

<figs/mem-eps-converted-to.pdf, id=48, 578.16pt x 289.08pt>
File: figs/mem-eps-converted-to.pdf Graphic file (type pdf)

<use figs/mem-eps-converted-to.pdf>
Package pdftex.def Info: figs/mem-eps-converted-to.pdf used on input line 27.
(pdftex.def)             Requested size: 123.84283pt x 61.9216pt.
Package epstopdf Info: Source file: <figs/netio.eps>
(epstopdf)                    date: 2019-05-19 17:37:37
(epstopdf)                    size: 25722 bytes
(epstopdf)             Output file: <figs/netio-eps-converted-to.pdf>
(epstopdf)                    date: 2019-05-19 17:37:37
(epstopdf)                    size: 8913 bytes
(epstopdf)             Command: <repstopdf --outfile=figs/netio-eps-converted-t
o.pdf figs/netio.eps>
(epstopdf)             \includegraphics on input line 35.
Package epstopdf Info: Output file is already uptodate.

<figs/netio-eps-converted-to.pdf, id=49, 578.16pt x 289.08pt>
File: figs/netio-eps-converted-to.pdf Graphic file (type pdf)

<use figs/netio-eps-converted-to.pdf>
Package pdftex.def Info: figs/netio-eps-converted-to.pdf used on input line 35.

(pdftex.def)             Requested size: 123.84283pt x 61.9216pt.
Package epstopdf Info: Source file: <figs/blockio.eps>
(epstopdf)                    date: 2019-05-19 17:37:37
(epstopdf)                    size: 24211 bytes
(epstopdf)             Output file: <figs/blockio-eps-converted-to.pdf>
(epstopdf)                    date: 2019-05-19 18:16:57
(epstopdf)                    size: 8584 bytes
(epstopdf)             Command: <repstopdf --outfile=figs/blockio-eps-converted
-to.pdf figs/blockio.eps>
(epstopdf)             \includegraphics on input line 43.
Package epstopdf Info: Output file is already uptodate.

<figs/blockio-eps-converted-to.pdf, id=50, 578.16pt x 289.08pt>
File: figs/blockio-eps-converted-to.pdf Graphic file (type pdf)

<use figs/blockio-eps-converted-to.pdf>
Package pdftex.def Info: figs/blockio-eps-converted-to.pdf used on input line 4
3.
(pdftex.def)             Requested size: 123.84283pt x 61.9216pt.
 [4] Excluding 'comment' comment.)
(./eval.tex
Package epstopdf Info: Source file: <figs/25memcpu1.eps>
(epstopdf)                    date: 2019-05-19 17:37:36
(epstopdf)                    size: 26173 bytes
(epstopdf)             Output file: <figs/25memcpu1-eps-converted-to.pdf>
(epstopdf)                    date: 2019-05-19 17:37:37
(epstopdf)                    size: 8678 bytes
(epstopdf)             Command: <repstopdf --outfile=figs/25memcpu1-eps-convert
ed-to.pdf figs/25memcpu1.eps>
(epstopdf)             \includegraphics on input line 11.
Package epstopdf Info: Output file is already uptodate.
 <figs/25memcpu1-eps-converted-to.pdf, id=56, 433.62pt x 216.81pt>
File: figs/25memcpu1-eps-converted-to.pdf Graphic file (type pdf)

<use figs/25memcpu1-eps-converted-to.pdf>
Package pdftex.def Info: figs/25memcpu1-eps-converted-to.pdf used on input line
 11.
(pdftex.def)             Requested size: 165.12378pt x 82.56067pt.
Package epstopdf Info: Source file: <figs/25memcpu2.eps>
(epstopdf)                    date: 2019-05-19 17:37:36
(epstopdf)                    size: 26137 bytes
(epstopdf)             Output file: <figs/25memcpu2-eps-converted-to.pdf>
(epstopdf)                    date: 2019-05-19 17:37:37
(epstopdf)                    size: 8708 bytes
(epstopdf)             Command: <repstopdf --outfile=figs/25memcpu2-eps-convert
ed-to.pdf figs/25memcpu2.eps>
(epstopdf)             \includegraphics on input line 19.
Package epstopdf Info: Output file is already uptodate.

<figs/25memcpu2-eps-converted-to.pdf, id=57, 433.62pt x 216.81pt>
File: figs/25memcpu2-eps-converted-to.pdf Graphic file (type pdf)

<use figs/25memcpu2-eps-converted-to.pdf>
Package pdftex.def Info: figs/25memcpu2-eps-converted-to.pdf used on input line
 19.
(pdftex.def)             Requested size: 165.12378pt x 82.56067pt.
Package epstopdf Info: Source file: <figs/25memcpu3.eps>
(epstopdf)                    date: 2019-05-19 17:37:36
(epstopdf)                    size: 26063 bytes
(epstopdf)             Output file: <figs/25memcpu3-eps-converted-to.pdf>
(epstopdf)                    date: 2019-05-19 17:37:37
(epstopdf)                    size: 8682 bytes
(epstopdf)             Command: <repstopdf --outfile=figs/25memcpu3-eps-convert
ed-to.pdf figs/25memcpu3.eps>
(epstopdf)             \includegraphics on input line 27.
Package epstopdf Info: Output file is already uptodate.

<figs/25memcpu3-eps-converted-to.pdf, id=58, 433.62pt x 216.81pt>
File: figs/25memcpu3-eps-converted-to.pdf Graphic file (type pdf)

<use figs/25memcpu3-eps-converted-to.pdf>
Package pdftex.def Info: figs/25memcpu3-eps-converted-to.pdf used on input line
 27.
(pdftex.def)             Requested size: 165.12378pt x 82.56067pt.
Package epstopdf Info: Source file: <figs/25memcpu1g.eps>
(epstopdf)                    date: 2019-05-19 17:37:37
(epstopdf)                    size: 25820 bytes
(epstopdf)             Output file: <figs/25memcpu1g-eps-converted-to.pdf>
(epstopdf)                    date: 2019-05-19 17:37:37
(epstopdf)                    size: 8712 bytes
(epstopdf)             Command: <repstopdf --outfile=figs/25memcpu1g-eps-conver
ted-to.pdf figs/25memcpu1g.eps>
(epstopdf)             \includegraphics on input line 37.
Package epstopdf Info: Output file is already uptodate.

<figs/25memcpu1g-eps-converted-to.pdf, id=59, 433.62pt x 216.81pt>
File: figs/25memcpu1g-eps-converted-to.pdf Graphic file (type pdf)

<use figs/25memcpu1g-eps-converted-to.pdf>
Package pdftex.def Info: figs/25memcpu1g-eps-converted-to.pdf used on input lin
e 37.
(pdftex.def)             Requested size: 165.12378pt x 82.56067pt.
Package epstopdf Info: Source file: <figs/25memcpu2g.eps>
(epstopdf)                    date: 2019-05-19 17:37:37
(epstopdf)                    size: 25822 bytes
(epstopdf)             Output file: <figs/25memcpu2g-eps-converted-to.pdf>
(epstopdf)                    date: 2019-05-19 17:37:37
(epstopdf)                    size: 8737 bytes
(epstopdf)             Command: <repstopdf --outfile=figs/25memcpu2g-eps-conver
ted-to.pdf figs/25memcpu2g.eps>
(epstopdf)             \includegraphics on input line 45.
Package epstopdf Info: Output file is already uptodate.

<figs/25memcpu2g-eps-converted-to.pdf, id=60, 433.62pt x 216.81pt>
File: figs/25memcpu2g-eps-converted-to.pdf Graphic file (type pdf)

<use figs/25memcpu2g-eps-converted-to.pdf>
Package pdftex.def Info: figs/25memcpu2g-eps-converted-to.pdf used on input lin
e 45.
(pdftex.def)             Requested size: 165.12378pt x 82.56067pt.
Package epstopdf Info: Source file: <figs/25memcpu3g.eps>
(epstopdf)                    date: 2019-05-19 17:37:37
(epstopdf)                    size: 25873 bytes
(epstopdf)             Output file: <figs/25memcpu3g-eps-converted-to.pdf>
(epstopdf)                    date: 2019-05-19 17:37:37
(epstopdf)                    size: 8864 bytes
(epstopdf)             Command: <repstopdf --outfile=figs/25memcpu3g-eps-conver
ted-to.pdf figs/25memcpu3g.eps>
(epstopdf)             \includegraphics on input line 53.
Package epstopdf Info: Output file is already uptodate.

<figs/25memcpu3g-eps-converted-to.pdf, id=61, 433.62pt x 216.81pt>
File: figs/25memcpu3g-eps-converted-to.pdf Graphic file (type pdf)

<use figs/25memcpu3g-eps-converted-to.pdf>
Package pdftex.def Info: figs/25memcpu3g-eps-converted-to.pdf used on input lin
e 53.
(pdftex.def)             Requested size: 165.12378pt x 82.56067pt.

Underfull \hbox (badness 2035) in paragraph at lines 64--68
[]\OT1/ptm/m/n/10 We im-ple-ment our new con-tainer place-ment scheme,
 []

[5 <./figs/cpu-eps-converted-to.pdf> <./figs/mem-eps-converted-to.pdf> <./figs/
netio-eps-converted-to.pdf> <./figs/blockio-eps-converted-to.pdf>]
Underfull \vbox (badness 10000) has occurred while \output is active []


Excluding 'comment' comment. [6 <./figs/25memcpu1-eps-converted-to.pdf> <./figs
/25memcpu2-eps-converted-to.pdf> <./figs/25memcpu3-eps-converted-to.pdf> <./fig
s/25memcpu1g-eps-converted-to.pdf> <./figs/25memcpu2g-eps-converted-to.pdf> <./
figs/25memcpu3g-eps-converted-to.pdf>]
Package epstopdf Info: Source file: <figs/25containernum.eps>
(epstopdf)                    date: 2019-05-19 17:37:37
(epstopdf)                    size: 29241 bytes
(epstopdf)             Output file: <figs/25containernum-eps-converted-to.pdf>
(epstopdf)                    date: 2019-05-19 17:37:37
(epstopdf)                    size: 9375 bytes
(epstopdf)             Command: <repstopdf --outfile=figs/25containernum-eps-co
nverted-to.pdf figs/25containernum.eps>
(epstopdf)             \includegraphics on input line 141.
Package epstopdf Info: Output file is already uptodate.

<figs/25containernum-eps-converted-to.pdf, id=118, 361.35pt x 252.945pt>
File: figs/25containernum-eps-converted-to.pdf Graphic file (type pdf)

<use figs/25containernum-eps-converted-to.pdf>
Package pdftex.def Info: figs/25containernum-eps-converted-to.pdf used on input
 line 141.
(pdftex.def)             Requested size: 120.95892pt x 84.67244pt.
Package epstopdf Info: Source file: <figs/25net.eps>
(epstopdf)                    date: 2019-05-19 17:37:37
(epstopdf)                    size: 23346 bytes
(epstopdf)             Output file: <figs/25net-eps-converted-to.pdf>
(epstopdf)                    date: 2019-05-19 17:37:37
(epstopdf)                    size: 8812 bytes
(epstopdf)             Command: <repstopdf --outfile=figs/25net-eps-converted-t
o.pdf figs/25net.eps>
(epstopdf)             \includegraphics on input line 148.
Package epstopdf Info: Output file is already uptodate.

<figs/25net-eps-converted-to.pdf, id=119, 361.35pt x 252.945pt>
File: figs/25net-eps-converted-to.pdf Graphic file (type pdf)

<use figs/25net-eps-converted-to.pdf>
Package pdftex.def Info: figs/25net-eps-converted-to.pdf used on input line 148
.
(pdftex.def)             Requested size: 120.95892pt x 84.67244pt.
Package epstopdf Info: Source file: <figs/memcpu1.eps>
(epstopdf)                    date: 2019-05-19 17:37:37
(epstopdf)                    size: 25818 bytes
(epstopdf)             Output file: <figs/memcpu1-eps-converted-to.pdf>
(epstopdf)                    date: 2019-05-19 17:37:37
(epstopdf)                    size: 8751 bytes
(epstopdf)             Command: <repstopdf --outfile=figs/memcpu1-eps-converted
-to.pdf figs/memcpu1.eps>
(epstopdf)             \includegraphics on input line 170.
Package epstopdf Info: Output file is already uptodate.

<figs/memcpu1-eps-converted-to.pdf, id=120, 433.62pt x 216.81pt>
File: figs/memcpu1-eps-converted-to.pdf Graphic file (type pdf)

<use figs/memcpu1-eps-converted-to.pdf>
Package pdftex.def Info: figs/memcpu1-eps-converted-to.pdf used on input line 1
70.
(pdftex.def)             Requested size: 165.12378pt x 82.56067pt.
Package epstopdf Info: Source file: <figs/memcpu2.eps>
(epstopdf)                    date: 2019-05-19 17:37:37
(epstopdf)                    size: 25826 bytes
(epstopdf)             Output file: <figs/memcpu2-eps-converted-to.pdf>
(epstopdf)                    date: 2019-05-19 18:16:58
(epstopdf)                    size: 9181 bytes
(epstopdf)             Command: <repstopdf --outfile=figs/memcpu2-eps-converted
-to.pdf figs/memcpu2.eps>
(epstopdf)             \includegraphics on input line 178.
Package epstopdf Info: Output file is already uptodate.

<figs/memcpu2-eps-converted-to.pdf, id=121, 433.62pt x 216.81pt>
File: figs/memcpu2-eps-converted-to.pdf Graphic file (type pdf)

<use figs/memcpu2-eps-converted-to.pdf>
Package pdftex.def Info: figs/memcpu2-eps-converted-to.pdf used on input line 1
78.
(pdftex.def)             Requested size: 165.12378pt x 82.56067pt.
Package epstopdf Info: Source file: <figs/memcpu3.eps>
(epstopdf)                    date: 2019-05-19 17:37:37
(epstopdf)                    size: 25808 bytes
(epstopdf)             Output file: <figs/memcpu3-eps-converted-to.pdf>
(epstopdf)                    date: 2019-05-19 17:37:37
(epstopdf)                    size: 8798 bytes
(epstopdf)             Command: <repstopdf --outfile=figs/memcpu3-eps-converted
-to.pdf figs/memcpu3.eps>
(epstopdf)             \includegraphics on input line 186.
Package epstopdf Info: Output file is already uptodate.

<figs/memcpu3-eps-converted-to.pdf, id=122, 433.62pt x 216.81pt>
File: figs/memcpu3-eps-converted-to.pdf Graphic file (type pdf)

<use figs/memcpu3-eps-converted-to.pdf>
Package pdftex.def Info: figs/memcpu3-eps-converted-to.pdf used on input line 1
86.
(pdftex.def)             Requested size: 165.12378pt x 82.56067pt.
Package epstopdf Info: Source file: <figs/memcpu1g.eps>
(epstopdf)                    date: 2019-05-19 17:37:37
(epstopdf)                    size: 25749 bytes
(epstopdf)             Output file: <figs/memcpu1g-eps-converted-to.pdf>
(epstopdf)                    date: 2019-05-19 17:37:37
(epstopdf)                    size: 8665 bytes
(epstopdf)             Command: <repstopdf --outfile=figs/memcpu1g-eps-converte
d-to.pdf figs/memcpu1g.eps>
(epstopdf)             \includegraphics on input line 196.
Package epstopdf Info: Output file is already uptodate.

<figs/memcpu1g-eps-converted-to.pdf, id=123, 433.62pt x 216.81pt>
File: figs/memcpu1g-eps-converted-to.pdf Graphic file (type pdf)

<use figs/memcpu1g-eps-converted-to.pdf>
Package pdftex.def Info: figs/memcpu1g-eps-converted-to.pdf used on input line 
196.
(pdftex.def)             Requested size: 165.12378pt x 82.56067pt.
Package epstopdf Info: Source file: <figs/memcpu2g.eps>
(epstopdf)                    date: 2019-05-19 17:37:37
(epstopdf)                    size: 25812 bytes
(epstopdf)             Output file: <figs/memcpu2g-eps-converted-to.pdf>
(epstopdf)                    date: 2019-05-19 17:37:37
(epstopdf)                    size: 8988 bytes
(epstopdf)             Command: <repstopdf --outfile=figs/memcpu2g-eps-converte
d-to.pdf figs/memcpu2g.eps>
(epstopdf)             \includegraphics on input line 204.
Package epstopdf Info: Output file is already uptodate.

<figs/memcpu2g-eps-converted-to.pdf, id=124, 433.62pt x 216.81pt>
File: figs/memcpu2g-eps-converted-to.pdf Graphic file (type pdf)

<use figs/memcpu2g-eps-converted-to.pdf>
Package pdftex.def Info: figs/memcpu2g-eps-converted-to.pdf used on input line 
204.
(pdftex.def)             Requested size: 165.12378pt x 82.56067pt.
Package epstopdf Info: Source file: <figs/memcpu3g.eps>
(epstopdf)                    date: 2019-05-19 17:37:37
(epstopdf)                    size: 25769 bytes
(epstopdf)             Output file: <figs/memcpu3g-eps-converted-to.pdf>
(epstopdf)                    date: 2019-05-19 17:37:37
(epstopdf)                    size: 8925 bytes
(epstopdf)             Command: <repstopdf --outfile=figs/memcpu3g-eps-converte
d-to.pdf figs/memcpu3g.eps>
(epstopdf)             \includegraphics on input line 212.
Package epstopdf Info: Output file is already uptodate.

<figs/memcpu3g-eps-converted-to.pdf, id=125, 433.62pt x 216.81pt>
File: figs/memcpu3g-eps-converted-to.pdf Graphic file (type pdf)

<use figs/memcpu3g-eps-converted-to.pdf>
Package pdftex.def Info: figs/memcpu3g-eps-converted-to.pdf used on input line 
212.
(pdftex.def)             Requested size: 165.12378pt x 82.56067pt.
Package epstopdf Info: Source file: <figs/120workload.eps>
(epstopdf)                    date: 2019-05-19 17:37:36
(epstopdf)                    size: 31680 bytes
(epstopdf)             Output file: <figs/120workload-eps-converted-to.pdf>
(epstopdf)                    date: 2019-05-19 17:37:37
(epstopdf)                    size: 13871 bytes
(epstopdf)             Command: <repstopdf --outfile=figs/120workload-eps-conve
rted-to.pdf figs/120workload.eps>
(epstopdf)             \includegraphics on input line 255.
Package epstopdf Info: Output file is already uptodate.

<figs/120workload-eps-converted-to.pdf, id=126, 361.35pt x 252.945pt>
File: figs/120workload-eps-converted-to.pdf Graphic file (type pdf)

<use figs/120workload-eps-converted-to.pdf>
Package pdftex.def Info: figs/120workload-eps-converted-to.pdf used on input li
ne 255.
(pdftex.def)             Requested size: 120.95892pt x 84.67244pt.
Package epstopdf Info: Source file: <figs/iowait.eps>
(epstopdf)                    date: 2019-05-19 17:37:37
(epstopdf)                    size: 24135 bytes
(epstopdf)             Output file: <figs/iowait-eps-converted-to.pdf>
(epstopdf)                    date: 2019-05-19 17:37:37
(epstopdf)                    size: 9614 bytes
(epstopdf)             Command: <repstopdf --outfile=figs/iowait-eps-converted-
to.pdf figs/iowait.eps>
(epstopdf)             \includegraphics on input line 262.
Package epstopdf Info: Output file is already uptodate.

<figs/iowait-eps-converted-to.pdf, id=127, 361.35pt x 252.945pt>
File: figs/iowait-eps-converted-to.pdf Graphic file (type pdf)

<use figs/iowait-eps-converted-to.pdf>
Package pdftex.def Info: figs/iowait-eps-converted-to.pdf used on input line 26
2.
(pdftex.def)             Requested size: 120.95892pt x 84.67244pt.
) (./conclude.tex) (./main.bbl [7 <./figs/25containernum-eps-converted-to.pdf> 
<./figs/25net-eps-converted-to.pdf>])

** Conference Paper **
Before submitting the final camera ready copy, remember to:

 1. Manually equalize the lengths of two columns on the last page
 of your paper;

 2. Ensure that any PostScript and/or PDF output post-processing
 uses only Type 1 fonts and that every step in the generation
 process uses the appropriate paper size.

[8 <./figs/memcpu1-eps-converted-to.pdf> <./figs/memcpu2-eps-converted-to.pdf> 
<./figs/memcpu3-eps-converted-to.pdf> <./figs/memcpu1g-eps-converted-to.pdf> <.
/figs/memcpu2g-eps-converted-to.pdf> <./figs/memcpu3g-eps-converted-to.pdf> <./
figs/120workload-eps-converted-to.pdf> <./figs/iowait-eps-converted-to.pdf>]
(./main.aux) ) 
Here is how much of TeX's memory you used:
 14020 strings out of 492995
 259229 string characters out of 6132704
 307381 words of memory out of 5000000
 17376 multiletter control sequences out of 15000+600000
 48699 words of font info for 113 fonts, out of 8000000 for 9000
 1141 hyphenation exceptions out of 8191
 42i,15n,40p,10388b,639s stack positions out of 5000i,500n,10000p,200000b,80000s
{/usr/local/texlive/2017/texmf-dist/fonts/enc/dvips/base/8r.enc}<
/usr/local/texlive/2017/texmf-dist/fonts/type1/public/amsfonts/cm/cmex10.pfb></
usr/local/texlive/2017/texmf-dist/fonts/type1/public/amsfonts/cm/cmmi10.pfb></u
sr/local/texlive/2017/texmf-dist/fonts/type1/public/amsfonts/cm/cmmi5.pfb></usr
/local/texlive/2017/texmf-dist/fonts/type1/public/amsfonts/cm/cmmi7.pfb></usr/l
ocal/texlive/2017/texmf-dist/fonts/type1/public/amsfonts/cm/cmr10.pfb></usr/loc
al/texlive/2017/texmf-dist/fonts/type1/public/amsfonts/cm/cmr7.pfb></usr/local/
texlive/2017/texmf-dist/fonts/type1/public/amsfonts/cm/cmsy10.pfb></usr/local/t
exlive/2017/texmf-dist/fonts/type1/public/amsfonts/cm/cmsy7.pfb></usr/local/tex
live/2017/texmf-dist/fonts/type1/public/amsfonts/cm/cmsy8.pfb></usr/local/texli
ve/2017/texmf-dist/fonts/type1/urw/courier/ucrr8a.pfb></usr/local/texlive/2017/
texmf-dist/fonts/type1/urw/courier/ucrro8a.pfb></usr/local/texlive/2017/texmf-d
ist/fonts/type1/urw/times/utmb8a.pfb></usr/local/texlive/2017/texmf-dist/fonts/
type1/urw/times/utmbi8a.pfb></usr/local/texlive/2017/texmf-dist/fonts/type1/urw
/times/utmr8a.pfb></usr/local/texlive/2017/texmf-dist/fonts/type1/urw/times/utm
ri8a.pfb>
Output written on main.pdf (8 pages, 358230 bytes).
PDF statistics:
 235 PDF objects out of 1000 (max. 8388607)
 157 compressed objects within 2 object streams
 0 named destinations out of 1000 (max. 500000)
 111 words of extra memory for PDF output out of 10000 (max. 10000000)

